[debug] [2025-01-10T07:59:48.388Z] ----------------------------------------------------------------------
[debug] [2025-01-10T07:59:48.394Z] Command:       E:\Document\node.exe C:\Users\USER\AppData\Roaming\npm\node_modules\firebase-tools\lib\bin\firebase.js deploy --only functions
[debug] [2025-01-10T07:59:48.395Z] CLI Version:   13.29.1
[debug] [2025-01-10T07:59:48.396Z] Platform:      win32
[debug] [2025-01-10T07:59:48.396Z] Node Version:  v20.11.1
[debug] [2025-01-10T07:59:48.396Z] Time:          Fri Jan 10 2025 15:59:48 GMT+0800 (Malaysia Time)
[debug] [2025-01-10T07:59:48.397Z] ----------------------------------------------------------------------
[debug] 
[debug] [2025-01-10T07:59:48.511Z] Field ".functions" in "firebase.json" is possibly invalid: should be object
[debug] [2025-01-10T07:59:48.511Z] Object ".functions[0]" in "firebase.json" has unknown property: {"additionalProperty":"site"}
[debug] [2025-01-10T07:59:48.512Z] Field ".functions" in "firebase.json" is possibly invalid: should match some schema in anyOf
[debug] [2025-01-10T07:59:48.525Z] > command requires scopes: ["email","openid","https://www.googleapis.com/auth/cloudplatformprojects.readonly","https://www.googleapis.com/auth/firebase","https://www.googleapis.com/auth/cloud-platform"]
[debug] [2025-01-10T07:59:48.525Z] > authorizing via signed-in user (chanyeeting0717@gmail.com)
[debug] [2025-01-10T07:59:48.526Z] [iam] checking project neonrun-d9e96 for permissions ["cloudfunctions.functions.create","cloudfunctions.functions.delete","cloudfunctions.functions.get","cloudfunctions.functions.list","cloudfunctions.functions.update","cloudfunctions.operations.get","firebase.projects.get"]
[debug] [2025-01-10T07:59:48.529Z] Checked if tokens are valid: true, expires at: 1736498877020
[debug] [2025-01-10T07:59:48.530Z] Checked if tokens are valid: true, expires at: 1736498877020
[debug] [2025-01-10T07:59:48.532Z] >>> [apiv2][query] POST https://cloudresourcemanager.googleapis.com/v1/projects/neonrun-d9e96:testIamPermissions [none]
[debug] [2025-01-10T07:59:48.533Z] >>> [apiv2][(partial)header] POST https://cloudresourcemanager.googleapis.com/v1/projects/neonrun-d9e96:testIamPermissions x-goog-quota-user=projects/neonrun-d9e96
[debug] [2025-01-10T07:59:48.533Z] >>> [apiv2][body] POST https://cloudresourcemanager.googleapis.com/v1/projects/neonrun-d9e96:testIamPermissions {"permissions":["cloudfunctions.functions.create","cloudfunctions.functions.delete","cloudfunctions.functions.get","cloudfunctions.functions.list","cloudfunctions.functions.update","cloudfunctions.operations.get","firebase.projects.get"]}
[debug] [2025-01-10T07:59:49.869Z] <<< [apiv2][status] POST https://cloudresourcemanager.googleapis.com/v1/projects/neonrun-d9e96:testIamPermissions 200
[debug] [2025-01-10T07:59:49.871Z] <<< [apiv2][body] POST https://cloudresourcemanager.googleapis.com/v1/projects/neonrun-d9e96:testIamPermissions {"permissions":["cloudfunctions.functions.create","cloudfunctions.functions.delete","cloudfunctions.functions.get","cloudfunctions.functions.list","cloudfunctions.functions.update","cloudfunctions.operations.get","firebase.projects.get"]}
[debug] [2025-01-10T07:59:49.873Z] Checked if tokens are valid: true, expires at: 1736498877020
[debug] [2025-01-10T07:59:49.873Z] Checked if tokens are valid: true, expires at: 1736498877020
[debug] [2025-01-10T07:59:49.874Z] >>> [apiv2][query] POST https://iam.googleapis.com/v1/projects/neonrun-d9e96/serviceAccounts/neonrun-d9e96@appspot.gserviceaccount.com:testIamPermissions [none]
[debug] [2025-01-10T07:59:49.874Z] >>> [apiv2][body] POST https://iam.googleapis.com/v1/projects/neonrun-d9e96/serviceAccounts/neonrun-d9e96@appspot.gserviceaccount.com:testIamPermissions {"permissions":["iam.serviceAccounts.actAs"]}
[debug] [2025-01-10T07:59:51.296Z] <<< [apiv2][status] POST https://iam.googleapis.com/v1/projects/neonrun-d9e96/serviceAccounts/neonrun-d9e96@appspot.gserviceaccount.com:testIamPermissions 200
[debug] [2025-01-10T07:59:51.297Z] <<< [apiv2][body] POST https://iam.googleapis.com/v1/projects/neonrun-d9e96/serviceAccounts/neonrun-d9e96@appspot.gserviceaccount.com:testIamPermissions {"permissions":["iam.serviceAccounts.actAs"]}
[info] 
[info] === Deploying to 'neonrun-d9e96'...
[info] 
[info] i  deploying functions 
[debug] [2025-01-10T07:59:51.319Z] Checked if tokens are valid: true, expires at: 1736498877020
[debug] [2025-01-10T07:59:51.320Z] Checked if tokens are valid: true, expires at: 1736498877020
[debug] [2025-01-10T07:59:51.320Z] >>> [apiv2][query] GET https://cloudresourcemanager.googleapis.com/v1/projects/neonrun-d9e96 [none]
[debug] [2025-01-10T07:59:51.605Z] <<< [apiv2][status] GET https://cloudresourcemanager.googleapis.com/v1/projects/neonrun-d9e96 200
[debug] [2025-01-10T07:59:51.606Z] <<< [apiv2][body] GET https://cloudresourcemanager.googleapis.com/v1/projects/neonrun-d9e96 {"projectNumber":"550495057678","projectId":"neonrun-d9e96","lifecycleState":"ACTIVE","name":"NeonRun","labels":{"firebase":"enabled","firebase-core":"disabled"},"createTime":"2024-12-27T09:23:07.574078Z"}
[info] i  functions: preparing codebase default for deployment 
[info] i  functions: ensuring required API cloudfunctions.googleapis.com is enabled... 
[debug] [2025-01-10T07:59:51.615Z] Checked if tokens are valid: true, expires at: 1736498877020
[debug] [2025-01-10T07:59:51.616Z] Checked if tokens are valid: true, expires at: 1736498877020
[debug] [2025-01-10T07:59:51.617Z] Checked if tokens are valid: true, expires at: 1736498877020
[debug] [2025-01-10T07:59:51.617Z] Checked if tokens are valid: true, expires at: 1736498877020
[info] i  functions: ensuring required API cloudbuild.googleapis.com is enabled... 
[debug] [2025-01-10T07:59:51.621Z] Checked if tokens are valid: true, expires at: 1736498877020
[debug] [2025-01-10T07:59:51.623Z] Checked if tokens are valid: true, expires at: 1736498877020
[info] i  artifactregistry: ensuring required API artifactregistry.googleapis.com is enabled... 
[debug] [2025-01-10T07:59:51.625Z] Checked if tokens are valid: true, expires at: 1736498877020
[debug] [2025-01-10T07:59:51.625Z] Checked if tokens are valid: true, expires at: 1736498877020
[debug] [2025-01-10T07:59:51.626Z] >>> [apiv2][query] GET https://serviceusage.googleapis.com/v1/projects/neonrun-d9e96/services/cloudfunctions.googleapis.com [none]
[debug] [2025-01-10T07:59:51.627Z] >>> [apiv2][(partial)header] GET https://serviceusage.googleapis.com/v1/projects/neonrun-d9e96/services/cloudfunctions.googleapis.com x-goog-quota-user=projects/neonrun-d9e96
[debug] [2025-01-10T07:59:51.635Z] >>> [apiv2][query] GET https://serviceusage.googleapis.com/v1/projects/neonrun-d9e96/services/runtimeconfig.googleapis.com [none]
[debug] [2025-01-10T07:59:51.636Z] >>> [apiv2][(partial)header] GET https://serviceusage.googleapis.com/v1/projects/neonrun-d9e96/services/runtimeconfig.googleapis.com x-goog-quota-user=projects/neonrun-d9e96
[debug] [2025-01-10T07:59:51.643Z] >>> [apiv2][query] GET https://serviceusage.googleapis.com/v1/projects/neonrun-d9e96/services/cloudbuild.googleapis.com [none]
[debug] [2025-01-10T07:59:51.643Z] >>> [apiv2][(partial)header] GET https://serviceusage.googleapis.com/v1/projects/neonrun-d9e96/services/cloudbuild.googleapis.com x-goog-quota-user=projects/neonrun-d9e96
[debug] [2025-01-10T07:59:51.654Z] >>> [apiv2][query] GET https://serviceusage.googleapis.com/v1/projects/neonrun-d9e96/services/artifactregistry.googleapis.com [none]
[debug] [2025-01-10T07:59:51.655Z] >>> [apiv2][(partial)header] GET https://serviceusage.googleapis.com/v1/projects/neonrun-d9e96/services/artifactregistry.googleapis.com x-goog-quota-user=projects/neonrun-d9e96
[debug] [2025-01-10T07:59:53.127Z] <<< [apiv2][status] GET https://serviceusage.googleapis.com/v1/projects/neonrun-d9e96/services/runtimeconfig.googleapis.com 200
[debug] [2025-01-10T07:59:53.128Z] <<< [apiv2][body] GET https://serviceusage.googleapis.com/v1/projects/neonrun-d9e96/services/runtimeconfig.googleapis.com [omitted]
[debug] [2025-01-10T07:59:53.179Z] <<< [apiv2][status] GET https://serviceusage.googleapis.com/v1/projects/neonrun-d9e96/services/cloudbuild.googleapis.com 200
[debug] [2025-01-10T07:59:53.180Z] <<< [apiv2][body] GET https://serviceusage.googleapis.com/v1/projects/neonrun-d9e96/services/cloudbuild.googleapis.com [omitted]
[info] +  functions: required API cloudbuild.googleapis.com is enabled 
[debug] [2025-01-10T07:59:53.187Z] <<< [apiv2][status] GET https://serviceusage.googleapis.com/v1/projects/neonrun-d9e96/services/artifactregistry.googleapis.com 200
[debug] [2025-01-10T07:59:53.188Z] <<< [apiv2][body] GET https://serviceusage.googleapis.com/v1/projects/neonrun-d9e96/services/artifactregistry.googleapis.com [omitted]
[info] +  artifactregistry: required API artifactregistry.googleapis.com is enabled 
[debug] [2025-01-10T07:59:53.198Z] <<< [apiv2][status] GET https://serviceusage.googleapis.com/v1/projects/neonrun-d9e96/services/cloudfunctions.googleapis.com 200
[debug] [2025-01-10T07:59:53.199Z] <<< [apiv2][body] GET https://serviceusage.googleapis.com/v1/projects/neonrun-d9e96/services/cloudfunctions.googleapis.com [omitted]
[info] +  functions: required API cloudfunctions.googleapis.com is enabled 
[debug] [2025-01-10T07:59:53.202Z] Checked if tokens are valid: true, expires at: 1736498877020
[debug] [2025-01-10T07:59:53.202Z] Checked if tokens are valid: true, expires at: 1736498877020
[debug] [2025-01-10T07:59:53.203Z] >>> [apiv2][query] GET https://firebase.googleapis.com/v1beta1/projects/neonrun-d9e96/adminSdkConfig [none]
[debug] [2025-01-10T07:59:53.975Z] <<< [apiv2][status] GET https://firebase.googleapis.com/v1beta1/projects/neonrun-d9e96/adminSdkConfig 200
[debug] [2025-01-10T07:59:53.976Z] <<< [apiv2][body] GET https://firebase.googleapis.com/v1beta1/projects/neonrun-d9e96/adminSdkConfig {"projectId":"neonrun-d9e96","databaseURL":"https://neonrun-d9e96-default-rtdb.asia-southeast1.firebasedatabase.app","storageBucket":"neonrun-d9e96.firebasestorage.app"}
[debug] [2025-01-10T07:59:53.977Z] Checked if tokens are valid: true, expires at: 1736498877020
[debug] [2025-01-10T07:59:53.978Z] Checked if tokens are valid: true, expires at: 1736498877020
[debug] [2025-01-10T07:59:53.979Z] >>> [apiv2][query] GET https://runtimeconfig.googleapis.com/v1beta1/projects/neonrun-d9e96/configs [none]
[debug] [2025-01-10T07:59:54.478Z] <<< [apiv2][status] GET https://runtimeconfig.googleapis.com/v1beta1/projects/neonrun-d9e96/configs 200
[debug] [2025-01-10T07:59:54.479Z] <<< [apiv2][body] GET https://runtimeconfig.googleapis.com/v1beta1/projects/neonrun-d9e96/configs {}
[debug] [2025-01-10T07:59:54.486Z] Validating nodejs source
[debug] [2025-01-10T07:59:58.266Z] > [functions] package.json contents: {
  "name": "functions",
  "description": "Cloud Functions for Firebase",
  "scripts": {
    "serve": "firebase emulators:start --only functions",
    "shell": "firebase functions:shell",
    "start": "npm run shell",
    "deploy": "firebase deploy --only functions",
    "logs": "firebase functions:log"
  },
  "engines": {
    "node": "22"
  },
  "main": "index.js",
  "dependencies": {
    "body-parser": "^1.20.3",
    "concurrently": "^9.1.0",
    "cors": "^2.8.5",
    "express": "^4.21.2",
    "firebase": "^11.1.0",
    "firebase-admin": "^13.0.2",
    "firebase-functions": "^6.2.0",
    "multer": "^1.4.5-lts.1"
  },
  "devDependencies": {
    "firebase-functions-test": "^3.1.0"
  },
  "private": true
}
[debug] [2025-01-10T07:59:58.267Z] Building nodejs source
[info] i  functions: Loading and analyzing source code for codebase default to determine what to deploy 
[debug] [2025-01-10T07:59:58.271Z] Could not find functions.yaml. Must use http discovery
[debug] [2025-01-10T07:59:58.292Z] Found firebase-functions binary at 'E:\Yee Ting\USM\Year 4\SEM 1\CMT322\NeonRunEvent\functions\node_modules\.bin\firebase-functions'
[info] Serving at port 8990

[debug] [2025-01-10T08:00:01.555Z] Got response from /__/functions.yaml {"endpoints":{"api":{"availableMemoryMb":null,"timeoutSeconds":null,"minInstances":null,"maxInstances":null,"ingressSettings":null,"concurrency":null,"serviceAccountEmail":null,"vpc":null,"platform":"gcfv2","labels":{},"httpsTrigger":{},"entryPoint":"api"}},"specVersion":"v1alpha1","requiredAPIs":[],"extensions":{}}
[info] i  extensions: ensuring required API firebaseextensions.googleapis.com is enabled... 
[debug] [2025-01-10T08:00:06.719Z] Checked if tokens are valid: true, expires at: 1736498877020
[debug] [2025-01-10T08:00:06.719Z] Checked if tokens are valid: true, expires at: 1736498877020
[debug] [2025-01-10T08:00:06.720Z] >>> [apiv2][query] GET https://serviceusage.googleapis.com/v1/projects/neonrun-d9e96/services/firebaseextensions.googleapis.com [none]
[debug] [2025-01-10T08:00:06.720Z] >>> [apiv2][(partial)header] GET https://serviceusage.googleapis.com/v1/projects/neonrun-d9e96/services/firebaseextensions.googleapis.com x-goog-quota-user=projects/neonrun-d9e96
[debug] [2025-01-10T08:00:08.336Z] <<< [apiv2][status] GET https://serviceusage.googleapis.com/v1/projects/neonrun-d9e96/services/firebaseextensions.googleapis.com 200
[debug] [2025-01-10T08:00:08.336Z] <<< [apiv2][body] GET https://serviceusage.googleapis.com/v1/projects/neonrun-d9e96/services/firebaseextensions.googleapis.com [omitted]
[info] +  extensions: required API firebaseextensions.googleapis.com is enabled 
[debug] [2025-01-10T08:00:08.338Z] > command requires scopes: ["email","openid","https://www.googleapis.com/auth/cloudplatformprojects.readonly","https://www.googleapis.com/auth/firebase","https://www.googleapis.com/auth/cloud-platform"]
[debug] [2025-01-10T08:00:08.339Z] > authorizing via signed-in user (chanyeeting0717@gmail.com)
[debug] [2025-01-10T08:00:08.339Z] [iam] checking project neonrun-d9e96 for permissions ["firebase.projects.get","firebaseextensions.instances.list"]
[debug] [2025-01-10T08:00:08.339Z] Checked if tokens are valid: true, expires at: 1736498877020
[debug] [2025-01-10T08:00:08.340Z] Checked if tokens are valid: true, expires at: 1736498877020
[debug] [2025-01-10T08:00:08.341Z] >>> [apiv2][query] POST https://cloudresourcemanager.googleapis.com/v1/projects/neonrun-d9e96:testIamPermissions [none]
[debug] [2025-01-10T08:00:08.341Z] >>> [apiv2][(partial)header] POST https://cloudresourcemanager.googleapis.com/v1/projects/neonrun-d9e96:testIamPermissions x-goog-quota-user=projects/neonrun-d9e96
[debug] [2025-01-10T08:00:08.341Z] >>> [apiv2][body] POST https://cloudresourcemanager.googleapis.com/v1/projects/neonrun-d9e96:testIamPermissions {"permissions":["firebase.projects.get","firebaseextensions.instances.list"]}
[debug] [2025-01-10T08:00:08.791Z] <<< [apiv2][status] POST https://cloudresourcemanager.googleapis.com/v1/projects/neonrun-d9e96:testIamPermissions 200
[debug] [2025-01-10T08:00:08.792Z] <<< [apiv2][body] POST https://cloudresourcemanager.googleapis.com/v1/projects/neonrun-d9e96:testIamPermissions {"permissions":["firebase.projects.get","firebaseextensions.instances.list"]}
[debug] [2025-01-10T08:00:08.794Z] Checked if tokens are valid: true, expires at: 1736498877020
[debug] [2025-01-10T08:00:08.794Z] Checked if tokens are valid: true, expires at: 1736498877020
[debug] [2025-01-10T08:00:08.798Z] >>> [apiv2][query] GET https://firebaseextensions.googleapis.com/v1beta/projects/neonrun-d9e96/instances pageSize=100&pageToken=
[debug] [2025-01-10T08:00:10.377Z] <<< [apiv2][status] GET https://firebaseextensions.googleapis.com/v1beta/projects/neonrun-d9e96/instances 200
[debug] [2025-01-10T08:00:10.377Z] <<< [apiv2][body] GET https://firebaseextensions.googleapis.com/v1beta/projects/neonrun-d9e96/instances {}
[info] i  functions: preparing functions directory for uploading... 
[info] i  functions: packaged E:\Yee Ting\USM\Year 4\SEM 1\CMT322\NeonRunEvent\functions (61.38 KB) for uploading 
[debug] [2025-01-10T08:00:10.487Z] Checked if tokens are valid: true, expires at: 1736498877020
[debug] [2025-01-10T08:00:10.487Z] Checked if tokens are valid: true, expires at: 1736498877020
[debug] [2025-01-10T08:00:10.488Z] >>> [apiv2][query] GET https://cloudfunctions.googleapis.com/v1/projects/neonrun-d9e96/locations/-/functions [none]
[debug] [2025-01-10T08:00:11.281Z] <<< [apiv2][status] GET https://cloudfunctions.googleapis.com/v1/projects/neonrun-d9e96/locations/-/functions 200
[debug] [2025-01-10T08:00:11.281Z] <<< [apiv2][body] GET https://cloudfunctions.googleapis.com/v1/projects/neonrun-d9e96/locations/-/functions {}
[debug] [2025-01-10T08:00:11.282Z] Checked if tokens are valid: true, expires at: 1736498877020
[debug] [2025-01-10T08:00:11.282Z] Checked if tokens are valid: true, expires at: 1736498877020
[debug] [2025-01-10T08:00:11.282Z] >>> [apiv2][query] GET https://cloudfunctions.googleapis.com/v2/projects/neonrun-d9e96/locations/-/functions filter=environment%3D%22GEN_2%22
[debug] [2025-01-10T08:00:12.877Z] <<< [apiv2][status] GET https://cloudfunctions.googleapis.com/v2/projects/neonrun-d9e96/locations/-/functions 200
[debug] [2025-01-10T08:00:12.878Z] <<< [apiv2][body] GET https://cloudfunctions.googleapis.com/v2/projects/neonrun-d9e96/locations/-/functions {"functions":[{"name":"projects/neonrun-d9e96/locations/us-central1/functions/api","buildConfig":{"build":"projects/550495057678/locations/us-central1/builds/5ef1ac87-9817-4d95-a8f0-eb485e2e4c64","runtime":"nodejs22","entryPoint":"api","source":{"storageSource":{"bucket":"gcf-v2-sources-550495057678-us-central1","object":"api/function-source.zip","generation":"1736493526402424"}},"environmentVariables":{"GOOGLE_NODE_RUN_SCRIPTS":""},"dockerRepository":"projects/neonrun-d9e96/locations/us-central1/repositories/gcf-artifacts","serviceAccount":"projects/neonrun-d9e96/serviceAccounts/550495057678-compute@developer.gserviceaccount.com","automaticUpdatePolicy":{}},"serviceConfig":{"service":"projects/neonrun-d9e96/locations/us-central1/services/api","timeoutSeconds":60,"environmentVariables":{"FIREBASE_CONFIG":"{\"projectId\":\"neonrun-d9e96\",\"databaseURL\":\"https://neonrun-d9e96-default-rtdb.asia-southeast1.firebasedatabase.app\",\"storageBucket\":\"neonrun-d9e96.firebasestorage.app\"}","GCLOUD_PROJECT":"neonrun-d9e96","EVENTARC_CLOUD_EVENT_SOURCE":"projects/neonrun-d9e96/locations/us-central1/services/api","FUNCTION_TARGET":"api","LOG_EXECUTION_ID":"true"},"maxInstanceCount":100,"ingressSettings":"ALLOW_ALL","serviceAccountEmail":"550495057678-compute@developer.gserviceaccount.com","availableMemory":"256Mi","allTrafficOnLatestRevision":true,"revision":"api-00005-lep","maxInstanceRequestConcurrency":80,"availableCpu":"1"},"state":"ACTIVE","updateTime":"2025-01-10T07:19:29.110446587Z","labels":{"firebase-functions-hash":"2144cb98acdab6a163ecd9979b463be0ffc8c862","deployment-tool":"cli-firebase"},"environment":"GEN_2","url":"https://us-central1-neonrun-d9e96.cloudfunctions.net/api","createTime":"2025-01-10T04:00:13.229359758Z"}]}
[info] i  functions: ensuring required API run.googleapis.com is enabled... 
[debug] [2025-01-10T08:00:12.893Z] Checked if tokens are valid: true, expires at: 1736498877020
[debug] [2025-01-10T08:00:12.893Z] Checked if tokens are valid: true, expires at: 1736498877020
[info] i  functions: ensuring required API eventarc.googleapis.com is enabled... 
[debug] [2025-01-10T08:00:12.895Z] Checked if tokens are valid: true, expires at: 1736498877020
[debug] [2025-01-10T08:00:12.896Z] Checked if tokens are valid: true, expires at: 1736498877020
[info] i  functions: ensuring required API pubsub.googleapis.com is enabled... 
[debug] [2025-01-10T08:00:12.898Z] Checked if tokens are valid: true, expires at: 1736498877020
[debug] [2025-01-10T08:00:12.899Z] Checked if tokens are valid: true, expires at: 1736498877020
[info] i  functions: ensuring required API storage.googleapis.com is enabled... 
[debug] [2025-01-10T08:00:12.901Z] Checked if tokens are valid: true, expires at: 1736498877020
[debug] [2025-01-10T08:00:12.902Z] Checked if tokens are valid: true, expires at: 1736498877020
[debug] [2025-01-10T08:00:12.902Z] >>> [apiv2][query] GET https://serviceusage.googleapis.com/v1/projects/neonrun-d9e96/services/run.googleapis.com [none]
[debug] [2025-01-10T08:00:12.903Z] >>> [apiv2][(partial)header] GET https://serviceusage.googleapis.com/v1/projects/neonrun-d9e96/services/run.googleapis.com x-goog-quota-user=projects/neonrun-d9e96
[debug] [2025-01-10T08:00:12.905Z] >>> [apiv2][query] GET https://serviceusage.googleapis.com/v1/projects/neonrun-d9e96/services/eventarc.googleapis.com [none]
[debug] [2025-01-10T08:00:12.906Z] >>> [apiv2][(partial)header] GET https://serviceusage.googleapis.com/v1/projects/neonrun-d9e96/services/eventarc.googleapis.com x-goog-quota-user=projects/neonrun-d9e96
[debug] [2025-01-10T08:00:12.916Z] >>> [apiv2][query] GET https://serviceusage.googleapis.com/v1/projects/neonrun-d9e96/services/pubsub.googleapis.com [none]
[debug] [2025-01-10T08:00:12.917Z] >>> [apiv2][(partial)header] GET https://serviceusage.googleapis.com/v1/projects/neonrun-d9e96/services/pubsub.googleapis.com x-goog-quota-user=projects/neonrun-d9e96
[debug] [2025-01-10T08:00:12.930Z] >>> [apiv2][query] GET https://serviceusage.googleapis.com/v1/projects/neonrun-d9e96/services/storage.googleapis.com [none]
[debug] [2025-01-10T08:00:12.930Z] >>> [apiv2][(partial)header] GET https://serviceusage.googleapis.com/v1/projects/neonrun-d9e96/services/storage.googleapis.com x-goog-quota-user=projects/neonrun-d9e96
[debug] [2025-01-10T08:00:14.331Z] <<< [apiv2][status] GET https://serviceusage.googleapis.com/v1/projects/neonrun-d9e96/services/run.googleapis.com 200
[debug] [2025-01-10T08:00:14.331Z] <<< [apiv2][body] GET https://serviceusage.googleapis.com/v1/projects/neonrun-d9e96/services/run.googleapis.com [omitted]
[info] +  functions: required API run.googleapis.com is enabled 
[debug] [2025-01-10T08:00:14.398Z] <<< [apiv2][status] GET https://serviceusage.googleapis.com/v1/projects/neonrun-d9e96/services/eventarc.googleapis.com 200
[debug] [2025-01-10T08:00:14.399Z] <<< [apiv2][body] GET https://serviceusage.googleapis.com/v1/projects/neonrun-d9e96/services/eventarc.googleapis.com [omitted]
[info] +  functions: required API eventarc.googleapis.com is enabled 
[debug] [2025-01-10T08:00:14.402Z] <<< [apiv2][status] GET https://serviceusage.googleapis.com/v1/projects/neonrun-d9e96/services/pubsub.googleapis.com 200
[debug] [2025-01-10T08:00:14.403Z] <<< [apiv2][body] GET https://serviceusage.googleapis.com/v1/projects/neonrun-d9e96/services/pubsub.googleapis.com [omitted]
[info] +  functions: required API pubsub.googleapis.com is enabled 
[debug] [2025-01-10T08:00:14.460Z] <<< [apiv2][status] GET https://serviceusage.googleapis.com/v1/projects/neonrun-d9e96/services/storage.googleapis.com 200
[debug] [2025-01-10T08:00:14.461Z] <<< [apiv2][body] GET https://serviceusage.googleapis.com/v1/projects/neonrun-d9e96/services/storage.googleapis.com [omitted]
[info] +  functions: required API storage.googleapis.com is enabled 
[info] i  functions: generating the service identity for pubsub.googleapis.com... 
[debug] [2025-01-10T08:00:14.463Z] Checked if tokens are valid: true, expires at: 1736498877020
[debug] [2025-01-10T08:00:14.463Z] Checked if tokens are valid: true, expires at: 1736498877020
[info] i  functions: generating the service identity for eventarc.googleapis.com... 
[debug] [2025-01-10T08:00:14.464Z] Checked if tokens are valid: true, expires at: 1736498877020
[debug] [2025-01-10T08:00:14.467Z] Checked if tokens are valid: true, expires at: 1736498877020
[debug] [2025-01-10T08:00:14.468Z] >>> [apiv2][query] POST https://serviceusage.googleapis.com/v1beta1/projects/550495057678/services/pubsub.googleapis.com:generateServiceIdentity [none]
[debug] [2025-01-10T08:00:14.469Z] >>> [apiv2][query] POST https://serviceusage.googleapis.com/v1beta1/projects/550495057678/services/eventarc.googleapis.com:generateServiceIdentity [none]
[debug] [2025-01-10T08:00:15.919Z] <<< [apiv2][status] POST https://serviceusage.googleapis.com/v1beta1/projects/550495057678/services/eventarc.googleapis.com:generateServiceIdentity 200
[debug] [2025-01-10T08:00:15.920Z] <<< [apiv2][body] POST https://serviceusage.googleapis.com/v1beta1/projects/550495057678/services/eventarc.googleapis.com:generateServiceIdentity {"name":"operations/finished.DONE_OPERATION","done":true,"response":{"@type":"type.googleapis.com/google.api.serviceusage.v1beta1.ServiceIdentity","email":"service-550495057678@gcp-sa-eventarc.iam.gserviceaccount.com","uniqueId":"112560575567014000153"}}
[debug] [2025-01-10T08:00:16.113Z] <<< [apiv2][status] POST https://serviceusage.googleapis.com/v1beta1/projects/550495057678/services/pubsub.googleapis.com:generateServiceIdentity 200
[debug] [2025-01-10T08:00:16.113Z] <<< [apiv2][body] POST https://serviceusage.googleapis.com/v1beta1/projects/550495057678/services/pubsub.googleapis.com:generateServiceIdentity {"name":"operations/finished.DONE_OPERATION","done":true,"response":{"@type":"type.googleapis.com/google.api.serviceusage.v1beta1.ServiceIdentity","email":"service-550495057678@gcp-sa-pubsub.iam.gserviceaccount.com","uniqueId":"107259588185141335459"}}
[debug] [2025-01-10T08:00:16.117Z] Checked if tokens are valid: true, expires at: 1736498877020
[debug] [2025-01-10T08:00:16.117Z] Checked if tokens are valid: true, expires at: 1736498877020
[debug] [2025-01-10T08:00:16.117Z] >>> [apiv2][query] GET https://cloudresourcemanager.googleapis.com/v1/projects/neonrun-d9e96 [none]
[debug] [2025-01-10T08:00:17.420Z] <<< [apiv2][status] GET https://cloudresourcemanager.googleapis.com/v1/projects/neonrun-d9e96 200
[debug] [2025-01-10T08:00:17.421Z] <<< [apiv2][body] GET https://cloudresourcemanager.googleapis.com/v1/projects/neonrun-d9e96 {"projectNumber":"550495057678","projectId":"neonrun-d9e96","lifecycleState":"ACTIVE","name":"NeonRun","labels":{"firebase":"enabled","firebase-core":"disabled"},"createTime":"2024-12-27T09:23:07.574078Z"}
[debug] [2025-01-10T08:00:17.427Z] Checked if tokens are valid: true, expires at: 1736498877020
[debug] [2025-01-10T08:00:17.427Z] Checked if tokens are valid: true, expires at: 1736498877020
[debug] [2025-01-10T08:00:17.428Z] >>> [apiv2][query] GET https://cloudbilling.googleapis.com/v1/projects/neonrun-d9e96/billingInfo [none]
[debug] [2025-01-10T08:00:17.934Z] <<< [apiv2][status] GET https://cloudbilling.googleapis.com/v1/projects/neonrun-d9e96/billingInfo 200
[debug] [2025-01-10T08:00:17.935Z] <<< [apiv2][body] GET https://cloudbilling.googleapis.com/v1/projects/neonrun-d9e96/billingInfo {"name":"projects/neonrun-d9e96/billingInfo","projectId":"neonrun-d9e96","billingAccountName":"billingAccounts/01D03A-879789-84A37F","billingEnabled":true}
[debug] [2025-01-10T08:00:17.941Z] Checked if tokens are valid: true, expires at: 1736498877020
[debug] [2025-01-10T08:00:17.942Z] Checked if tokens are valid: true, expires at: 1736498877020
[debug] [2025-01-10T08:00:17.942Z] >>> [apiv2][query] POST https://cloudfunctions.googleapis.com/v2/projects/neonrun-d9e96/locations/us-central1/functions:generateUploadUrl [none]
[debug] [2025-01-10T08:00:19.479Z] <<< [apiv2][status] POST https://cloudfunctions.googleapis.com/v2/projects/neonrun-d9e96/locations/us-central1/functions:generateUploadUrl 200
[debug] [2025-01-10T08:00:19.479Z] <<< [apiv2][body] POST https://cloudfunctions.googleapis.com/v2/projects/neonrun-d9e96/locations/us-central1/functions:generateUploadUrl {"uploadUrl":"https://storage.googleapis.com/gcf-v2-uploads-550495057678.us-central1.cloudfunctions.appspot.com/8c9c9e25-45bf-406f-b1e9-976fafff43e8.zip?GoogleAccessId=service-550495057678@gcf-admin-robot.iam.gserviceaccount.com&Expires=1736497819&Signature=jL%2BXvEagZxEMknVY8pCzHpkpCxvYY3G4A%2FsGMxaUECbTie4aq4IAFp0KTmGAJJ%2B9aJLaBpXz6tR8f0483wWEIFV74vDHHH3pqU2F0fhCbStcOdJihUFQiNJYK3NPCsZjFHsGaq3%2Bqu10RAdvZxhmj8EegIm16YoNODNuYx43hOuFC9AveAiPJwm53Quj7%2BFC1xhIoEY%2BBD45QvQVGkQM%2BsssIHLg8aR3y9kFE3ci5wCQMjdfqHroFMkaDxDK0K0VWLQTcbrmKhW%2BwJXxySLkd7X2MJL0BAQWdAdeIk7Ancs1dtVfauCXKLFtpJmb3zCA437ebdM4GXnf%2FkjvVfRQsg%3D%3D","storageSource":{"bucket":"gcf-v2-uploads-550495057678.us-central1.cloudfunctions.appspot.com","object":"8c9c9e25-45bf-406f-b1e9-976fafff43e8.zip"}}
[debug] [2025-01-10T08:00:19.484Z] >>> [apiv2][query] PUT https://storage.googleapis.com/gcf-v2-uploads-550495057678.us-central1.cloudfunctions.appspot.com/8c9c9e25-45bf-406f-b1e9-976fafff43e8.zip GoogleAccessId=service-550495057678%40gcf-admin-robot.iam.gserviceaccount.com&Expires=1736497819&Signature=jL%2BXvEagZxEMknVY8pCzHpkpCxvYY3G4A%2FsGMxaUECbTie4aq4IAFp0KTmGAJJ%2B9aJLaBpXz6tR8f0483wWEIFV74vDHHH3pqU2F0fhCbStcOdJihUFQiNJYK3NPCsZjFHsGaq3%2Bqu10RAdvZxhmj8EegIm16YoNODNuYx43hOuFC9AveAiPJwm53Quj7%2BFC1xhIoEY%2BBD45QvQVGkQM%2BsssIHLg8aR3y9kFE3ci5wCQMjdfqHroFMkaDxDK0K0VWLQTcbrmKhW%2BwJXxySLkd7X2MJL0BAQWdAdeIk7Ancs1dtVfauCXKLFtpJmb3zCA437ebdM4GXnf%2FkjvVfRQsg%3D%3D
[debug] [2025-01-10T08:00:19.484Z] >>> [apiv2][body] PUT https://storage.googleapis.com/gcf-v2-uploads-550495057678.us-central1.cloudfunctions.appspot.com/8c9c9e25-45bf-406f-b1e9-976fafff43e8.zip [stream]
[debug] [2025-01-10T08:00:21.609Z] <<< [apiv2][status] PUT https://storage.googleapis.com/gcf-v2-uploads-550495057678.us-central1.cloudfunctions.appspot.com/8c9c9e25-45bf-406f-b1e9-976fafff43e8.zip 200
[debug] [2025-01-10T08:00:21.610Z] <<< [apiv2][body] PUT https://storage.googleapis.com/gcf-v2-uploads-550495057678.us-central1.cloudfunctions.appspot.com/8c9c9e25-45bf-406f-b1e9-976fafff43e8.zip [omitted]
[info] +  functions: functions folder uploaded successfully 
[info] i  functions: updating Node.js 22 (2nd Gen) function api(us-central1)... 
[debug] [2025-01-10T08:00:21.647Z] Checked if tokens are valid: true, expires at: 1736498877020
[debug] [2025-01-10T08:00:21.647Z] Checked if tokens are valid: true, expires at: 1736498877020
[debug] [2025-01-10T08:00:21.649Z] >>> [apiv2][query] PATCH https://cloudfunctions.googleapis.com/v2/projects/neonrun-d9e96/locations/us-central1/functions/api updateMask=name%2CbuildConfig.runtime%2CbuildConfig.entryPoint%2CbuildConfig.source.storageSource.bucket%2CbuildConfig.source.storageSource.object%2CbuildConfig.environmentVariables%2CbuildConfig.sourceToken%2CserviceConfig.environmentVariables%2CserviceConfig.ingressSettings%2CserviceConfig.timeoutSeconds%2CserviceConfig.serviceAccountEmail%2CserviceConfig.availableMemory%2CserviceConfig.minInstanceCount%2CserviceConfig.maxInstanceCount%2CserviceConfig.maxInstanceRequestConcurrency%2CserviceConfig.availableCpu%2CserviceConfig.vpcConnector%2CserviceConfig.vpcConnectorEgressSettings%2Clabels%2CbuildConfig.buildEnvironmentVariables
[debug] [2025-01-10T08:00:21.649Z] >>> [apiv2][body] PATCH https://cloudfunctions.googleapis.com/v2/projects/neonrun-d9e96/locations/us-central1/functions/api {"name":"projects/neonrun-d9e96/locations/us-central1/functions/api","buildConfig":{"runtime":"nodejs22","entryPoint":"api","source":{"storageSource":{"bucket":"gcf-v2-uploads-550495057678.us-central1.cloudfunctions.appspot.com","object":"8c9c9e25-45bf-406f-b1e9-976fafff43e8.zip"}},"environmentVariables":{"GOOGLE_NODE_RUN_SCRIPTS":""}},"serviceConfig":{"environmentVariables":{"FIREBASE_CONFIG":"{\"projectId\":\"neonrun-d9e96\",\"databaseURL\":\"https://neonrun-d9e96-default-rtdb.asia-southeast1.firebasedatabase.app\",\"storageBucket\":\"neonrun-d9e96.firebasestorage.app\"}","GCLOUD_PROJECT":"neonrun-d9e96","EVENTARC_CLOUD_EVENT_SOURCE":"projects/neonrun-d9e96/locations/us-central1/services/api","FUNCTION_TARGET":"api","LOG_EXECUTION_ID":"true"},"ingressSettings":null,"timeoutSeconds":null,"serviceAccountEmail":null,"availableMemory":"256Mi","minInstanceCount":null,"maxInstanceCount":null,"maxInstanceRequestConcurrency":80,"availableCpu":"1","vpcConnector":null,"vpcConnectorEgressSettings":null},"labels":{"deployment-tool":"cli-firebase","firebase-functions-hash":"d49bf6f3a296c0fcd67fdf325c1dd46c1e2121c8"}}
[debug] [2025-01-10T08:00:23.762Z] <<< [apiv2][status] PATCH https://cloudfunctions.googleapis.com/v2/projects/neonrun-d9e96/locations/us-central1/functions/api 200
[debug] [2025-01-10T08:00:23.763Z] <<< [apiv2][body] PATCH https://cloudfunctions.googleapis.com/v2/projects/neonrun-d9e96/locations/us-central1/functions/api {"name":"projects/neonrun-d9e96/locations/us-central1/operations/operation-1736496023432-62b557ca16baf-69f63c9c-ebfca922","metadata":{"@type":"type.googleapis.com/google.cloud.functions.v2.OperationMetadata","createTime":"2025-01-10T08:00:24.190287810Z","target":"projects/neonrun-d9e96/locations/us-central1/functions/api","verb":"update","cancelRequested":false,"apiVersion":"v2"},"done":false}
[debug] [2025-01-10T08:00:23.765Z] Checked if tokens are valid: true, expires at: 1736498877020
[debug] [2025-01-10T08:00:23.765Z] Checked if tokens are valid: true, expires at: 1736498877020
[debug] [2025-01-10T08:00:23.766Z] >>> [apiv2][query] GET https://cloudfunctions.googleapis.com/v2/projects/neonrun-d9e96/locations/us-central1/operations/operation-1736496023432-62b557ca16baf-69f63c9c-ebfca922 [none]
[debug] [2025-01-10T08:00:25.077Z] <<< [apiv2][status] GET https://cloudfunctions.googleapis.com/v2/projects/neonrun-d9e96/locations/us-central1/operations/operation-1736496023432-62b557ca16baf-69f63c9c-ebfca922 200
[debug] [2025-01-10T08:00:25.077Z] <<< [apiv2][body] GET https://cloudfunctions.googleapis.com/v2/projects/neonrun-d9e96/locations/us-central1/operations/operation-1736496023432-62b557ca16baf-69f63c9c-ebfca922 {"name":"projects/neonrun-d9e96/locations/us-central1/operations/operation-1736496023432-62b557ca16baf-69f63c9c-ebfca922","metadata":{"@type":"type.googleapis.com/google.cloud.functions.v2.OperationMetadata","createTime":"2025-01-10T08:00:24.190287810Z","target":"projects/neonrun-d9e96/locations/us-central1/functions/api","verb":"update","cancelRequested":false,"apiVersion":"v2","requestResource":{"@type":"type.googleapis.com/google.cloud.functions.v2.Function","name":"projects/neonrun-d9e96/locations/us-central1/functions/api","buildConfig":{"runtime":"nodejs22","entryPoint":"api","source":{"storageSource":{"bucket":"gcf-v2-sources-550495057678-us-central1","object":"api/function-source.zip","generation":"1736496024110351"}},"environmentVariables":{"GOOGLE_NODE_RUN_SCRIPTS":""},"dockerRepository":"projects/neonrun-d9e96/locations/us-central1/repositories/gcf-artifacts","serviceAccount":"projects/neonrun-d9e96/serviceAccounts/550495057678-compute@developer.gserviceaccount.com","automaticUpdatePolicy":{}},"serviceConfig":{"service":"projects/neonrun-d9e96/locations/us-central1/services/api","timeoutSeconds":60,"environmentVariables":{"FIREBASE_CONFIG":"{\"projectId\":\"neonrun-d9e96\",\"databaseURL\":\"https://neonrun-d9e96-default-rtdb.asia-southeast1.firebasedatabase.app\",\"storageBucket\":\"neonrun-d9e96.firebasestorage.app\"}","GCLOUD_PROJECT":"neonrun-d9e96","EVENTARC_CLOUD_EVENT_SOURCE":"projects/neonrun-d9e96/locations/us-central1/services/api","FUNCTION_TARGET":"api","LOG_EXECUTION_ID":"true"},"ingressSettings":"ALLOW_ALL","serviceAccountEmail":"550495057678-compute@developer.gserviceaccount.com","availableMemory":"256Mi","allTrafficOnLatestRevision":true,"revision":"api-00005-lep","maxInstanceRequestConcurrency":80,"availableCpu":"1"},"state":"ACTIVE","labels":{"deployment-tool":"cloudfunctions","firebase-functions-hash":"d49bf6f3a296c0fcd67fdf325c1dd46c1e2121c8"},"environment":"GEN_2","url":"https://us-central1-neonrun-d9e96.cloudfunctions.net/api"},"stages":[{"name":"BUILD","message":"Build in progress","state":"IN_PROGRESS","resource":"projects/550495057678/locations/us-central1/builds/e2ae067e-7d4f-4dee-adf9-3641dd958d71","resourceUri":"https://console.cloud.google.com/cloud-build/builds;region=us-central1/e2ae067e-7d4f-4dee-adf9-3641dd958d71?project=550495057678"},{"name":"SERVICE","state":"NOT_STARTED"}],"operationType":"UPDATE_FUNCTION","buildName":"projects/550495057678/locations/us-central1/builds/e2ae067e-7d4f-4dee-adf9-3641dd958d71"},"done":false}
[debug] [2025-01-10T08:00:25.590Z] [update-default-us-central1-api] Retrying task index 0
[debug] [2025-01-10T08:00:25.591Z] Checked if tokens are valid: true, expires at: 1736498877020
[debug] [2025-01-10T08:00:25.591Z] Checked if tokens are valid: true, expires at: 1736498877020
[debug] [2025-01-10T08:00:25.591Z] >>> [apiv2][query] GET https://cloudfunctions.googleapis.com/v2/projects/neonrun-d9e96/locations/us-central1/operations/operation-1736496023432-62b557ca16baf-69f63c9c-ebfca922 [none]
[debug] [2025-01-10T08:00:26.891Z] <<< [apiv2][status] GET https://cloudfunctions.googleapis.com/v2/projects/neonrun-d9e96/locations/us-central1/operations/operation-1736496023432-62b557ca16baf-69f63c9c-ebfca922 200
[debug] [2025-01-10T08:00:26.891Z] <<< [apiv2][body] GET https://cloudfunctions.googleapis.com/v2/projects/neonrun-d9e96/locations/us-central1/operations/operation-1736496023432-62b557ca16baf-69f63c9c-ebfca922 {"name":"projects/neonrun-d9e96/locations/us-central1/operations/operation-1736496023432-62b557ca16baf-69f63c9c-ebfca922","metadata":{"@type":"type.googleapis.com/google.cloud.functions.v2.OperationMetadata","createTime":"2025-01-10T08:00:24.190287810Z","target":"projects/neonrun-d9e96/locations/us-central1/functions/api","verb":"update","cancelRequested":false,"apiVersion":"v2","requestResource":{"@type":"type.googleapis.com/google.cloud.functions.v2.Function","name":"projects/neonrun-d9e96/locations/us-central1/functions/api","buildConfig":{"runtime":"nodejs22","entryPoint":"api","source":{"storageSource":{"bucket":"gcf-v2-sources-550495057678-us-central1","object":"api/function-source.zip","generation":"1736496024110351"}},"environmentVariables":{"GOOGLE_NODE_RUN_SCRIPTS":""},"dockerRepository":"projects/neonrun-d9e96/locations/us-central1/repositories/gcf-artifacts","serviceAccount":"projects/neonrun-d9e96/serviceAccounts/550495057678-compute@developer.gserviceaccount.com","automaticUpdatePolicy":{}},"serviceConfig":{"service":"projects/neonrun-d9e96/locations/us-central1/services/api","timeoutSeconds":60,"environmentVariables":{"FIREBASE_CONFIG":"{\"projectId\":\"neonrun-d9e96\",\"databaseURL\":\"https://neonrun-d9e96-default-rtdb.asia-southeast1.firebasedatabase.app\",\"storageBucket\":\"neonrun-d9e96.firebasestorage.app\"}","GCLOUD_PROJECT":"neonrun-d9e96","EVENTARC_CLOUD_EVENT_SOURCE":"projects/neonrun-d9e96/locations/us-central1/services/api","FUNCTION_TARGET":"api","LOG_EXECUTION_ID":"true"},"ingressSettings":"ALLOW_ALL","serviceAccountEmail":"550495057678-compute@developer.gserviceaccount.com","availableMemory":"256Mi","allTrafficOnLatestRevision":true,"revision":"api-00005-lep","maxInstanceRequestConcurrency":80,"availableCpu":"1"},"state":"ACTIVE","labels":{"deployment-tool":"cloudfunctions","firebase-functions-hash":"d49bf6f3a296c0fcd67fdf325c1dd46c1e2121c8"},"environment":"GEN_2","url":"https://us-central1-neonrun-d9e96.cloudfunctions.net/api"},"stages":[{"name":"BUILD","message":"Build in progress","state":"IN_PROGRESS","resource":"projects/550495057678/locations/us-central1/builds/e2ae067e-7d4f-4dee-adf9-3641dd958d71","resourceUri":"https://console.cloud.google.com/cloud-build/builds;region=us-central1/e2ae067e-7d4f-4dee-adf9-3641dd958d71?project=550495057678"},{"name":"SERVICE","state":"NOT_STARTED"}],"operationType":"UPDATE_FUNCTION","buildName":"projects/550495057678/locations/us-central1/builds/e2ae067e-7d4f-4dee-adf9-3641dd958d71"},"done":false}
[debug] [2025-01-10T08:00:27.894Z] [update-default-us-central1-api] Retrying task index 0
[debug] [2025-01-10T08:00:27.896Z] Checked if tokens are valid: true, expires at: 1736498877020
[debug] [2025-01-10T08:00:27.896Z] Checked if tokens are valid: true, expires at: 1736498877020
[debug] [2025-01-10T08:00:27.897Z] >>> [apiv2][query] GET https://cloudfunctions.googleapis.com/v2/projects/neonrun-d9e96/locations/us-central1/operations/operation-1736496023432-62b557ca16baf-69f63c9c-ebfca922 [none]
[debug] [2025-01-10T08:00:29.145Z] <<< [apiv2][status] GET https://cloudfunctions.googleapis.com/v2/projects/neonrun-d9e96/locations/us-central1/operations/operation-1736496023432-62b557ca16baf-69f63c9c-ebfca922 200
[debug] [2025-01-10T08:00:29.146Z] <<< [apiv2][body] GET https://cloudfunctions.googleapis.com/v2/projects/neonrun-d9e96/locations/us-central1/operations/operation-1736496023432-62b557ca16baf-69f63c9c-ebfca922 {"name":"projects/neonrun-d9e96/locations/us-central1/operations/operation-1736496023432-62b557ca16baf-69f63c9c-ebfca922","metadata":{"@type":"type.googleapis.com/google.cloud.functions.v2.OperationMetadata","createTime":"2025-01-10T08:00:24.190287810Z","target":"projects/neonrun-d9e96/locations/us-central1/functions/api","verb":"update","cancelRequested":false,"apiVersion":"v2","requestResource":{"@type":"type.googleapis.com/google.cloud.functions.v2.Function","name":"projects/neonrun-d9e96/locations/us-central1/functions/api","buildConfig":{"runtime":"nodejs22","entryPoint":"api","source":{"storageSource":{"bucket":"gcf-v2-sources-550495057678-us-central1","object":"api/function-source.zip","generation":"1736496024110351"}},"environmentVariables":{"GOOGLE_NODE_RUN_SCRIPTS":""},"dockerRepository":"projects/neonrun-d9e96/locations/us-central1/repositories/gcf-artifacts","serviceAccount":"projects/neonrun-d9e96/serviceAccounts/550495057678-compute@developer.gserviceaccount.com","automaticUpdatePolicy":{}},"serviceConfig":{"service":"projects/neonrun-d9e96/locations/us-central1/services/api","timeoutSeconds":60,"environmentVariables":{"FIREBASE_CONFIG":"{\"projectId\":\"neonrun-d9e96\",\"databaseURL\":\"https://neonrun-d9e96-default-rtdb.asia-southeast1.firebasedatabase.app\",\"storageBucket\":\"neonrun-d9e96.firebasestorage.app\"}","GCLOUD_PROJECT":"neonrun-d9e96","EVENTARC_CLOUD_EVENT_SOURCE":"projects/neonrun-d9e96/locations/us-central1/services/api","FUNCTION_TARGET":"api","LOG_EXECUTION_ID":"true"},"ingressSettings":"ALLOW_ALL","serviceAccountEmail":"550495057678-compute@developer.gserviceaccount.com","availableMemory":"256Mi","allTrafficOnLatestRevision":true,"revision":"api-00005-lep","maxInstanceRequestConcurrency":80,"availableCpu":"1"},"state":"ACTIVE","labels":{"deployment-tool":"cloudfunctions","firebase-functions-hash":"d49bf6f3a296c0fcd67fdf325c1dd46c1e2121c8"},"environment":"GEN_2","url":"https://us-central1-neonrun-d9e96.cloudfunctions.net/api"},"stages":[{"name":"BUILD","message":"Build in progress","state":"IN_PROGRESS","resource":"projects/550495057678/locations/us-central1/builds/e2ae067e-7d4f-4dee-adf9-3641dd958d71","resourceUri":"https://console.cloud.google.com/cloud-build/builds;region=us-central1/e2ae067e-7d4f-4dee-adf9-3641dd958d71?project=550495057678"},{"name":"SERVICE","state":"NOT_STARTED"}],"operationType":"UPDATE_FUNCTION","buildName":"projects/550495057678/locations/us-central1/builds/e2ae067e-7d4f-4dee-adf9-3641dd958d71"},"done":false}
[debug] [2025-01-10T08:00:31.147Z] [update-default-us-central1-api] Retrying task index 0
[debug] [2025-01-10T08:00:31.149Z] Checked if tokens are valid: true, expires at: 1736498877020
[debug] [2025-01-10T08:00:31.149Z] Checked if tokens are valid: true, expires at: 1736498877020
[debug] [2025-01-10T08:00:31.151Z] >>> [apiv2][query] GET https://cloudfunctions.googleapis.com/v2/projects/neonrun-d9e96/locations/us-central1/operations/operation-1736496023432-62b557ca16baf-69f63c9c-ebfca922 [none]
[debug] [2025-01-10T08:00:32.459Z] <<< [apiv2][status] GET https://cloudfunctions.googleapis.com/v2/projects/neonrun-d9e96/locations/us-central1/operations/operation-1736496023432-62b557ca16baf-69f63c9c-ebfca922 200
[debug] [2025-01-10T08:00:32.460Z] <<< [apiv2][body] GET https://cloudfunctions.googleapis.com/v2/projects/neonrun-d9e96/locations/us-central1/operations/operation-1736496023432-62b557ca16baf-69f63c9c-ebfca922 {"name":"projects/neonrun-d9e96/locations/us-central1/operations/operation-1736496023432-62b557ca16baf-69f63c9c-ebfca922","metadata":{"@type":"type.googleapis.com/google.cloud.functions.v2.OperationMetadata","createTime":"2025-01-10T08:00:24.190287810Z","target":"projects/neonrun-d9e96/locations/us-central1/functions/api","verb":"update","cancelRequested":false,"apiVersion":"v2","requestResource":{"@type":"type.googleapis.com/google.cloud.functions.v2.Function","name":"projects/neonrun-d9e96/locations/us-central1/functions/api","buildConfig":{"runtime":"nodejs22","entryPoint":"api","source":{"storageSource":{"bucket":"gcf-v2-sources-550495057678-us-central1","object":"api/function-source.zip","generation":"1736496024110351"}},"environmentVariables":{"GOOGLE_NODE_RUN_SCRIPTS":""},"dockerRepository":"projects/neonrun-d9e96/locations/us-central1/repositories/gcf-artifacts","serviceAccount":"projects/neonrun-d9e96/serviceAccounts/550495057678-compute@developer.gserviceaccount.com","automaticUpdatePolicy":{}},"serviceConfig":{"service":"projects/neonrun-d9e96/locations/us-central1/services/api","timeoutSeconds":60,"environmentVariables":{"FIREBASE_CONFIG":"{\"projectId\":\"neonrun-d9e96\",\"databaseURL\":\"https://neonrun-d9e96-default-rtdb.asia-southeast1.firebasedatabase.app\",\"storageBucket\":\"neonrun-d9e96.firebasestorage.app\"}","GCLOUD_PROJECT":"neonrun-d9e96","EVENTARC_CLOUD_EVENT_SOURCE":"projects/neonrun-d9e96/locations/us-central1/services/api","FUNCTION_TARGET":"api","LOG_EXECUTION_ID":"true"},"ingressSettings":"ALLOW_ALL","serviceAccountEmail":"550495057678-compute@developer.gserviceaccount.com","availableMemory":"256Mi","allTrafficOnLatestRevision":true,"revision":"api-00005-lep","maxInstanceRequestConcurrency":80,"availableCpu":"1"},"state":"ACTIVE","labels":{"deployment-tool":"cloudfunctions","firebase-functions-hash":"d49bf6f3a296c0fcd67fdf325c1dd46c1e2121c8"},"environment":"GEN_2","url":"https://us-central1-neonrun-d9e96.cloudfunctions.net/api"},"stages":[{"name":"BUILD","message":"Build in progress","state":"IN_PROGRESS","resource":"projects/550495057678/locations/us-central1/builds/e2ae067e-7d4f-4dee-adf9-3641dd958d71","resourceUri":"https://console.cloud.google.com/cloud-build/builds;region=us-central1/e2ae067e-7d4f-4dee-adf9-3641dd958d71?project=550495057678"},{"name":"SERVICE","state":"NOT_STARTED"}],"operationType":"UPDATE_FUNCTION","buildName":"projects/550495057678/locations/us-central1/builds/e2ae067e-7d4f-4dee-adf9-3641dd958d71"},"done":false}
[debug] [2025-01-10T08:00:36.467Z] [update-default-us-central1-api] Retrying task index 0
[debug] [2025-01-10T08:00:36.468Z] Checked if tokens are valid: true, expires at: 1736498877020
[debug] [2025-01-10T08:00:36.468Z] Checked if tokens are valid: true, expires at: 1736498877020
[debug] [2025-01-10T08:00:36.471Z] >>> [apiv2][query] GET https://cloudfunctions.googleapis.com/v2/projects/neonrun-d9e96/locations/us-central1/operations/operation-1736496023432-62b557ca16baf-69f63c9c-ebfca922 [none]
[debug] [2025-01-10T08:00:37.754Z] <<< [apiv2][status] GET https://cloudfunctions.googleapis.com/v2/projects/neonrun-d9e96/locations/us-central1/operations/operation-1736496023432-62b557ca16baf-69f63c9c-ebfca922 200
[debug] [2025-01-10T08:00:37.755Z] <<< [apiv2][body] GET https://cloudfunctions.googleapis.com/v2/projects/neonrun-d9e96/locations/us-central1/operations/operation-1736496023432-62b557ca16baf-69f63c9c-ebfca922 {"name":"projects/neonrun-d9e96/locations/us-central1/operations/operation-1736496023432-62b557ca16baf-69f63c9c-ebfca922","metadata":{"@type":"type.googleapis.com/google.cloud.functions.v2.OperationMetadata","createTime":"2025-01-10T08:00:24.190287810Z","target":"projects/neonrun-d9e96/locations/us-central1/functions/api","verb":"update","cancelRequested":false,"apiVersion":"v2","requestResource":{"@type":"type.googleapis.com/google.cloud.functions.v2.Function","name":"projects/neonrun-d9e96/locations/us-central1/functions/api","buildConfig":{"runtime":"nodejs22","entryPoint":"api","source":{"storageSource":{"bucket":"gcf-v2-sources-550495057678-us-central1","object":"api/function-source.zip","generation":"1736496024110351"}},"environmentVariables":{"GOOGLE_NODE_RUN_SCRIPTS":""},"dockerRepository":"projects/neonrun-d9e96/locations/us-central1/repositories/gcf-artifacts","serviceAccount":"projects/neonrun-d9e96/serviceAccounts/550495057678-compute@developer.gserviceaccount.com","automaticUpdatePolicy":{}},"serviceConfig":{"service":"projects/neonrun-d9e96/locations/us-central1/services/api","timeoutSeconds":60,"environmentVariables":{"FIREBASE_CONFIG":"{\"projectId\":\"neonrun-d9e96\",\"databaseURL\":\"https://neonrun-d9e96-default-rtdb.asia-southeast1.firebasedatabase.app\",\"storageBucket\":\"neonrun-d9e96.firebasestorage.app\"}","GCLOUD_PROJECT":"neonrun-d9e96","EVENTARC_CLOUD_EVENT_SOURCE":"projects/neonrun-d9e96/locations/us-central1/services/api","FUNCTION_TARGET":"api","LOG_EXECUTION_ID":"true"},"ingressSettings":"ALLOW_ALL","serviceAccountEmail":"550495057678-compute@developer.gserviceaccount.com","availableMemory":"256Mi","allTrafficOnLatestRevision":true,"revision":"api-00005-lep","maxInstanceRequestConcurrency":80,"availableCpu":"1"},"state":"ACTIVE","labels":{"deployment-tool":"cloudfunctions","firebase-functions-hash":"d49bf6f3a296c0fcd67fdf325c1dd46c1e2121c8"},"environment":"GEN_2","url":"https://us-central1-neonrun-d9e96.cloudfunctions.net/api"},"stages":[{"name":"BUILD","message":"Build in progress","state":"IN_PROGRESS","resource":"projects/550495057678/locations/us-central1/builds/e2ae067e-7d4f-4dee-adf9-3641dd958d71","resourceUri":"https://console.cloud.google.com/cloud-build/builds;region=us-central1/e2ae067e-7d4f-4dee-adf9-3641dd958d71?project=550495057678"},{"name":"SERVICE","state":"NOT_STARTED"}],"operationType":"UPDATE_FUNCTION","buildName":"projects/550495057678/locations/us-central1/builds/e2ae067e-7d4f-4dee-adf9-3641dd958d71"},"done":false}
[debug] [2025-01-10T08:00:45.772Z] [update-default-us-central1-api] Retrying task index 0
[debug] [2025-01-10T08:00:45.773Z] Checked if tokens are valid: true, expires at: 1736498877020
[debug] [2025-01-10T08:00:45.773Z] Checked if tokens are valid: true, expires at: 1736498877020
[debug] [2025-01-10T08:00:45.774Z] >>> [apiv2][query] GET https://cloudfunctions.googleapis.com/v2/projects/neonrun-d9e96/locations/us-central1/operations/operation-1736496023432-62b557ca16baf-69f63c9c-ebfca922 [none]
[debug] [2025-01-10T08:00:47.162Z] <<< [apiv2][status] GET https://cloudfunctions.googleapis.com/v2/projects/neonrun-d9e96/locations/us-central1/operations/operation-1736496023432-62b557ca16baf-69f63c9c-ebfca922 200
[debug] [2025-01-10T08:00:47.163Z] <<< [apiv2][body] GET https://cloudfunctions.googleapis.com/v2/projects/neonrun-d9e96/locations/us-central1/operations/operation-1736496023432-62b557ca16baf-69f63c9c-ebfca922 {"name":"projects/neonrun-d9e96/locations/us-central1/operations/operation-1736496023432-62b557ca16baf-69f63c9c-ebfca922","metadata":{"@type":"type.googleapis.com/google.cloud.functions.v2.OperationMetadata","createTime":"2025-01-10T08:00:24.190287810Z","target":"projects/neonrun-d9e96/locations/us-central1/functions/api","verb":"update","cancelRequested":false,"apiVersion":"v2","requestResource":{"@type":"type.googleapis.com/google.cloud.functions.v2.Function","name":"projects/neonrun-d9e96/locations/us-central1/functions/api","buildConfig":{"runtime":"nodejs22","entryPoint":"api","source":{"storageSource":{"bucket":"gcf-v2-sources-550495057678-us-central1","object":"api/function-source.zip","generation":"1736496024110351"}},"environmentVariables":{"GOOGLE_NODE_RUN_SCRIPTS":""},"dockerRepository":"projects/neonrun-d9e96/locations/us-central1/repositories/gcf-artifacts","serviceAccount":"projects/neonrun-d9e96/serviceAccounts/550495057678-compute@developer.gserviceaccount.com","automaticUpdatePolicy":{}},"serviceConfig":{"service":"projects/neonrun-d9e96/locations/us-central1/services/api","timeoutSeconds":60,"environmentVariables":{"FIREBASE_CONFIG":"{\"projectId\":\"neonrun-d9e96\",\"databaseURL\":\"https://neonrun-d9e96-default-rtdb.asia-southeast1.firebasedatabase.app\",\"storageBucket\":\"neonrun-d9e96.firebasestorage.app\"}","GCLOUD_PROJECT":"neonrun-d9e96","EVENTARC_CLOUD_EVENT_SOURCE":"projects/neonrun-d9e96/locations/us-central1/services/api","FUNCTION_TARGET":"api","LOG_EXECUTION_ID":"true"},"ingressSettings":"ALLOW_ALL","serviceAccountEmail":"550495057678-compute@developer.gserviceaccount.com","availableMemory":"256Mi","allTrafficOnLatestRevision":true,"revision":"api-00005-lep","maxInstanceRequestConcurrency":80,"availableCpu":"1"},"state":"ACTIVE","labels":{"deployment-tool":"cloudfunctions","firebase-functions-hash":"d49bf6f3a296c0fcd67fdf325c1dd46c1e2121c8"},"environment":"GEN_2","url":"https://us-central1-neonrun-d9e96.cloudfunctions.net/api"},"stages":[{"name":"BUILD","message":"Build in progress","state":"IN_PROGRESS","resource":"projects/550495057678/locations/us-central1/builds/e2ae067e-7d4f-4dee-adf9-3641dd958d71","resourceUri":"https://console.cloud.google.com/cloud-build/builds;region=us-central1/e2ae067e-7d4f-4dee-adf9-3641dd958d71?project=550495057678"},{"name":"SERVICE","state":"NOT_STARTED"}],"operationType":"UPDATE_FUNCTION","buildName":"projects/550495057678/locations/us-central1/builds/e2ae067e-7d4f-4dee-adf9-3641dd958d71"},"done":false}
[debug] [2025-01-10T08:00:57.178Z] [update-default-us-central1-api] Retrying task index 0
[debug] [2025-01-10T08:00:57.179Z] Checked if tokens are valid: true, expires at: 1736498877020
[debug] [2025-01-10T08:00:57.179Z] Checked if tokens are valid: true, expires at: 1736498877020
[debug] [2025-01-10T08:00:57.180Z] >>> [apiv2][query] GET https://cloudfunctions.googleapis.com/v2/projects/neonrun-d9e96/locations/us-central1/operations/operation-1736496023432-62b557ca16baf-69f63c9c-ebfca922 [none]
[debug] [2025-01-10T08:00:58.521Z] <<< [apiv2][status] GET https://cloudfunctions.googleapis.com/v2/projects/neonrun-d9e96/locations/us-central1/operations/operation-1736496023432-62b557ca16baf-69f63c9c-ebfca922 200
[debug] [2025-01-10T08:00:58.522Z] <<< [apiv2][body] GET https://cloudfunctions.googleapis.com/v2/projects/neonrun-d9e96/locations/us-central1/operations/operation-1736496023432-62b557ca16baf-69f63c9c-ebfca922 {"name":"projects/neonrun-d9e96/locations/us-central1/operations/operation-1736496023432-62b557ca16baf-69f63c9c-ebfca922","metadata":{"@type":"type.googleapis.com/google.cloud.functions.v2.OperationMetadata","createTime":"2025-01-10T08:00:24.190287810Z","target":"projects/neonrun-d9e96/locations/us-central1/functions/api","verb":"update","cancelRequested":false,"apiVersion":"v2","requestResource":{"@type":"type.googleapis.com/google.cloud.functions.v2.Function","name":"projects/neonrun-d9e96/locations/us-central1/functions/api","buildConfig":{"runtime":"nodejs22","entryPoint":"api","source":{"storageSource":{"bucket":"gcf-v2-sources-550495057678-us-central1","object":"api/function-source.zip","generation":"1736496024110351"}},"environmentVariables":{"GOOGLE_NODE_RUN_SCRIPTS":""},"dockerRepository":"projects/neonrun-d9e96/locations/us-central1/repositories/gcf-artifacts","serviceAccount":"projects/neonrun-d9e96/serviceAccounts/550495057678-compute@developer.gserviceaccount.com","automaticUpdatePolicy":{}},"serviceConfig":{"service":"projects/neonrun-d9e96/locations/us-central1/services/api","timeoutSeconds":60,"environmentVariables":{"FIREBASE_CONFIG":"{\"projectId\":\"neonrun-d9e96\",\"databaseURL\":\"https://neonrun-d9e96-default-rtdb.asia-southeast1.firebasedatabase.app\",\"storageBucket\":\"neonrun-d9e96.firebasestorage.app\"}","GCLOUD_PROJECT":"neonrun-d9e96","EVENTARC_CLOUD_EVENT_SOURCE":"projects/neonrun-d9e96/locations/us-central1/services/api","FUNCTION_TARGET":"api","LOG_EXECUTION_ID":"true"},"ingressSettings":"ALLOW_ALL","serviceAccountEmail":"550495057678-compute@developer.gserviceaccount.com","availableMemory":"256Mi","allTrafficOnLatestRevision":true,"revision":"api-00005-lep","maxInstanceRequestConcurrency":80,"availableCpu":"1"},"state":"ACTIVE","labels":{"deployment-tool":"cloudfunctions","firebase-functions-hash":"d49bf6f3a296c0fcd67fdf325c1dd46c1e2121c8"},"environment":"GEN_2","url":"https://us-central1-neonrun-d9e96.cloudfunctions.net/api"},"stages":[{"name":"BUILD","message":"Build in progress","state":"IN_PROGRESS","resource":"projects/550495057678/locations/us-central1/builds/e2ae067e-7d4f-4dee-adf9-3641dd958d71","resourceUri":"https://console.cloud.google.com/cloud-build/builds;region=us-central1/e2ae067e-7d4f-4dee-adf9-3641dd958d71?project=550495057678"},{"name":"SERVICE","state":"NOT_STARTED"}],"operationType":"UPDATE_FUNCTION","buildName":"projects/550495057678/locations/us-central1/builds/e2ae067e-7d4f-4dee-adf9-3641dd958d71"},"done":false}
[debug] [2025-01-10T08:01:08.532Z] [update-default-us-central1-api] Retrying task index 0
[debug] [2025-01-10T08:01:08.533Z] Checked if tokens are valid: true, expires at: 1736498877020
[debug] [2025-01-10T08:01:08.534Z] Checked if tokens are valid: true, expires at: 1736498877020
[debug] [2025-01-10T08:01:08.534Z] >>> [apiv2][query] GET https://cloudfunctions.googleapis.com/v2/projects/neonrun-d9e96/locations/us-central1/operations/operation-1736496023432-62b557ca16baf-69f63c9c-ebfca922 [none]
[debug] [2025-01-10T08:01:08.929Z] <<< [apiv2][status] GET https://cloudfunctions.googleapis.com/v2/projects/neonrun-d9e96/locations/us-central1/operations/operation-1736496023432-62b557ca16baf-69f63c9c-ebfca922 200
[debug] [2025-01-10T08:01:08.929Z] <<< [apiv2][body] GET https://cloudfunctions.googleapis.com/v2/projects/neonrun-d9e96/locations/us-central1/operations/operation-1736496023432-62b557ca16baf-69f63c9c-ebfca922 {"name":"projects/neonrun-d9e96/locations/us-central1/operations/operation-1736496023432-62b557ca16baf-69f63c9c-ebfca922","metadata":{"@type":"type.googleapis.com/google.cloud.functions.v2.OperationMetadata","createTime":"2025-01-10T08:00:24.190287810Z","target":"projects/neonrun-d9e96/locations/us-central1/functions/api","verb":"update","cancelRequested":false,"apiVersion":"v2","requestResource":{"@type":"type.googleapis.com/google.cloud.functions.v2.Function","name":"projects/neonrun-d9e96/locations/us-central1/functions/api","buildConfig":{"runtime":"nodejs22","entryPoint":"api","source":{"storageSource":{"bucket":"gcf-v2-sources-550495057678-us-central1","object":"api/function-source.zip","generation":"1736496024110351"}},"environmentVariables":{"GOOGLE_NODE_RUN_SCRIPTS":""},"dockerRepository":"projects/neonrun-d9e96/locations/us-central1/repositories/gcf-artifacts","serviceAccount":"projects/neonrun-d9e96/serviceAccounts/550495057678-compute@developer.gserviceaccount.com","automaticUpdatePolicy":{}},"serviceConfig":{"service":"projects/neonrun-d9e96/locations/us-central1/services/api","timeoutSeconds":60,"environmentVariables":{"FIREBASE_CONFIG":"{\"projectId\":\"neonrun-d9e96\",\"databaseURL\":\"https://neonrun-d9e96-default-rtdb.asia-southeast1.firebasedatabase.app\",\"storageBucket\":\"neonrun-d9e96.firebasestorage.app\"}","GCLOUD_PROJECT":"neonrun-d9e96","EVENTARC_CLOUD_EVENT_SOURCE":"projects/neonrun-d9e96/locations/us-central1/services/api","FUNCTION_TARGET":"api","LOG_EXECUTION_ID":"true"},"ingressSettings":"ALLOW_ALL","serviceAccountEmail":"550495057678-compute@developer.gserviceaccount.com","availableMemory":"256Mi","allTrafficOnLatestRevision":true,"revision":"api-00005-lep","maxInstanceRequestConcurrency":80,"availableCpu":"1"},"state":"ACTIVE","labels":{"deployment-tool":"cloudfunctions","firebase-functions-hash":"d49bf6f3a296c0fcd67fdf325c1dd46c1e2121c8"},"environment":"GEN_2","url":"https://us-central1-neonrun-d9e96.cloudfunctions.net/api"},"stages":[{"name":"BUILD","message":"Build in progress","state":"IN_PROGRESS","resource":"projects/550495057678/locations/us-central1/builds/e2ae067e-7d4f-4dee-adf9-3641dd958d71","resourceUri":"https://console.cloud.google.com/cloud-build/builds;region=us-central1/e2ae067e-7d4f-4dee-adf9-3641dd958d71?project=550495057678"},{"name":"SERVICE","state":"NOT_STARTED"}],"operationType":"UPDATE_FUNCTION","buildName":"projects/550495057678/locations/us-central1/builds/e2ae067e-7d4f-4dee-adf9-3641dd958d71"},"done":false}
[debug] [2025-01-10T08:01:18.939Z] [update-default-us-central1-api] Retrying task index 0
[debug] [2025-01-10T08:01:18.940Z] Checked if tokens are valid: true, expires at: 1736498877020
[debug] [2025-01-10T08:01:18.940Z] Checked if tokens are valid: true, expires at: 1736498877020
[debug] [2025-01-10T08:01:18.941Z] >>> [apiv2][query] GET https://cloudfunctions.googleapis.com/v2/projects/neonrun-d9e96/locations/us-central1/operations/operation-1736496023432-62b557ca16baf-69f63c9c-ebfca922 [none]
[debug] [2025-01-10T08:01:20.274Z] <<< [apiv2][status] GET https://cloudfunctions.googleapis.com/v2/projects/neonrun-d9e96/locations/us-central1/operations/operation-1736496023432-62b557ca16baf-69f63c9c-ebfca922 200
[debug] [2025-01-10T08:01:20.274Z] <<< [apiv2][body] GET https://cloudfunctions.googleapis.com/v2/projects/neonrun-d9e96/locations/us-central1/operations/operation-1736496023432-62b557ca16baf-69f63c9c-ebfca922 {"name":"projects/neonrun-d9e96/locations/us-central1/operations/operation-1736496023432-62b557ca16baf-69f63c9c-ebfca922","metadata":{"@type":"type.googleapis.com/google.cloud.functions.v2.OperationMetadata","createTime":"2025-01-10T08:00:24.190287810Z","endTime":"2025-01-10T08:01:13.336757257Z","target":"projects/neonrun-d9e96/locations/us-central1/functions/api","verb":"update","cancelRequested":false,"apiVersion":"v2","requestResource":{"@type":"type.googleapis.com/google.cloud.functions.v2.Function","name":"projects/neonrun-d9e96/locations/us-central1/functions/api","buildConfig":{"runtime":"nodejs22","entryPoint":"api","source":{"storageSource":{"bucket":"gcf-v2-sources-550495057678-us-central1","object":"api/function-source.zip","generation":"1736496024110351"}},"environmentVariables":{"GOOGLE_NODE_RUN_SCRIPTS":""},"dockerRepository":"projects/neonrun-d9e96/locations/us-central1/repositories/gcf-artifacts","serviceAccount":"projects/neonrun-d9e96/serviceAccounts/550495057678-compute@developer.gserviceaccount.com","automaticUpdatePolicy":{}},"serviceConfig":{"service":"projects/neonrun-d9e96/locations/us-central1/services/api","timeoutSeconds":60,"environmentVariables":{"FIREBASE_CONFIG":"{\"projectId\":\"neonrun-d9e96\",\"databaseURL\":\"https://neonrun-d9e96-default-rtdb.asia-southeast1.firebasedatabase.app\",\"storageBucket\":\"neonrun-d9e96.firebasestorage.app\"}","GCLOUD_PROJECT":"neonrun-d9e96","EVENTARC_CLOUD_EVENT_SOURCE":"projects/neonrun-d9e96/locations/us-central1/services/api","FUNCTION_TARGET":"api","LOG_EXECUTION_ID":"true"},"ingressSettings":"ALLOW_ALL","serviceAccountEmail":"550495057678-compute@developer.gserviceaccount.com","availableMemory":"256Mi","allTrafficOnLatestRevision":true,"revision":"api-00005-lep","maxInstanceRequestConcurrency":80,"availableCpu":"1"},"state":"ACTIVE","labels":{"deployment-tool":"cloudfunctions","firebase-functions-hash":"d49bf6f3a296c0fcd67fdf325c1dd46c1e2121c8"},"environment":"GEN_2","url":"https://us-central1-neonrun-d9e96.cloudfunctions.net/api"},"stages":[{"name":"SERVICE","state":"NOT_STARTED"}],"operationType":"UPDATE_FUNCTION"},"done":true,"error":{"code":3,"message":"Build failed with status: FAILURE and message: npm error code EUSAGE\nnpm error\nnpm error `npm ci` can only install packages when your package.json and package-lock.json or npm-shrinkwrap.json are in sync. Please update your lock file with `npm install` before continuing.\nnpm error\nnpm error Missing: concurrently@9.1.2 from lock file\nnpm error Missing: firebase@11.1.0 from lock file\nnpm error Invalid: lock file's firebase-admin@12.7.0 does not satisfy firebase-admin@13.0.2\nnpm error Missing: multer@1.4.5-lts.1 from lock file\nnpm error Missing: rxjs@7.8.1 from lock file\nnpm error Missing: shell-quote@1.8.2 from lock file\nnpm error Missing: supports-color@8.1.1 from lock file\nnpm error Missing: tree-kill@1.2.2 from lock file\nnpm error Missing: @firebase/analytics@0.10.10 from lock file\nnpm error Missing: @firebase/app@0.10.17 from lock file\nnpm error Missing: @firebase/analytics-compat@0.2.16 from lock file\nnpm error Missing: @firebase/app-compat@0.2.47 from lock file\nnpm error Missing: @firebase/app-check@0.8.10 from lock file\nnpm error Missing: @firebase/app-check-compat@0.3.17 from lock file\nnpm error Invalid: lock file's @firebase/app-types@0.9.2 does not satisfy @firebase/app-types@0.9.3\nnpm error Missing: @firebase/auth@1.8.1 from lock file\nnpm error Missing: @firebase/auth-compat@0.5.16 from lock file\nnpm error Missing: @firebase/data-connect@0.1.3 from lock file\nnpm error Invalid: lock file's @firebase/database@1.0.8 does not satisfy @firebase/database@1.0.10\nnpm error Invalid: lock file's @firebase/database-compat@1.0.8 does not satisfy @firebase/database-compat@2.0.1\nnpm error Missing: @firebase/firestore@4.7.5 from lock file\nnpm error Missing: @firebase/firestore-compat@0.3.40 from lock file\nnpm error Missing: @firebase/functions@0.12.0 from lock file\nnpm error Missing: @firebase/functions-compat@0.3.17 from lock file\nnpm error Missing: @firebase/installations@0.6.11 from lock file\nnpm error Missing: @firebase/installations-compat@0.2.11 from lock file\nnpm error Missing: @firebase/messaging@0.12.15 from lock file\nnpm error Missing: @firebase/messaging-compat@0.2.15 from lock file\nnpm error Missing: @firebase/performance@0.6.11 from lock file\nnpm error Missing: @firebase/performance-compat@0.2.11 from lock file\nnpm error Missing: @firebase/remote-config@0.4.11 from lock file\nnpm error Missing: @firebase/remote-config-compat@0.2.11 from lock file\nnpm error Missing: @firebase/storage@0.13.4 from lock file\nnpm error Missing: @firebase/storage-compat@0.3.14 from lock file\nnpm error Invalid: lock file's @firebase/util@1.10.0 does not satisfy @firebase/util@1.10.2\nnpm error Missing: @firebase/vertexai@1.0.2 from lock file\nnpm error Invalid: lock file's @firebase/component@0.6.9 does not satisfy @firebase/component@0.6.11\nnpm error Invalid: lock file's @firebase/logger@0.4.2 does not satisfy @firebase/logger@0.4.4\nnpm error Missing: @firebase/analytics-types@0.8.3 from lock file\nnpm error Missing: idb@7.1.1 from lock file\nnpm error Missing: @firebase/app-check-types@0.5.3 from lock file\nnpm error Missing: @firebase/auth-types@0.12.3 from lock file\nnpm error Invalid: lock file's @firebase/auth-interop-types@0.2.3 does not satisfy @firebase/auth-interop-types@0.2.4\nnpm error Invalid: lock file's @firebase/app-check-interop-types@0.3.2 does not satisfy @firebase/app-check-interop-types@0.3.3\nnpm error Invalid: lock file's @firebase/database-types@1.0.5 does not satisfy @firebase/database-types@1.0.7\nnpm error Missing: @firebase/webchannel-wrapper@1.0.3 from lock file\nnpm error Missing: @grpc/grpc-js@1.9.15 from lock file\nnpm error Missing: @firebase/firestore-types@3.0.3 from lock file\nnpm error Missing: @firebase/messaging-interop-types@0.2.3 from lock file\nnpm error Missing: @firebase/functions-types@0.6.3 from lock file\nnpm error Missing: @firebase/installations-types@0.5.3 from lock file\nnpm error Missing: @firebase/performance-types@0.2.3 from lock file\nnpm error Missing: @firebase/remote-config-types@0.3.3 from lock file\nnpm error Missing: @firebase/storage-types@0.8.3 from lock file\nnpm error Invalid: lock file's uuid@10.0.0 does not satisfy uuid@11.0.5\nnpm error Missing: append-field@1.0.0 from lock file\nnpm error Missing: busboy@1.6.0 from lock file\nnpm error Missing: concat-stream@1.6.2 from lock file\nnpm error Missing: mkdirp@0.5.6 from lock file\nnpm error Missing: xtend@4.0.2 from lock file\nnpm error Missing: streamsearch@1.1.0 from lock file\nnpm error Missing: readable-stream@2.3.8 from lock file\nnpm error Missing: typedarray@0.0.6 from lock file\nnpm error Missing: minimist@1.2.8 from lock file\nnpm error Missing: core-util-is@1.0.3 from lock file\nnpm error Missing: isarray@1.0.0 from lock file\nnpm error Missing: process-nextick-args@2.0.1 from lock file\nnpm error Missing: safe-buffer@5.1.2 from lock file\nnpm error Missing: string_decoder@1.1.1 from lock file\nnpm error\nnpm error Clean install a project\nnpm error\nnpm error Usage:\nnpm error npm ci\nnpm error\nnpm error Options:\nnpm error [--install-strategy <hoisted|nested|shallow|linked>] [--legacy-bundling]\nnpm error [--global-style] [--omit <dev|optional|peer> [--omit <dev|optional|peer> ...]]\nnpm error [--include <prod|dev|optional|peer> [--include <prod|dev|optional|peer> ...]]\nnpm error [--strict-peer-deps] [--foreground-scripts] [--ignore-scripts] [--no-audit]\nnpm error [--no-bin-links] [--no-fund] [--dry-run]\nnpm error [-w|--workspace <workspace-name> [-w|--workspace <workspace-name> ...]]\nnpm error [-ws|--workspaces] [--include-workspace-root] [--install-links]\nnpm error\nnpm error aliases: clean-install, ic, install-clean, isntall-clean\nnpm error\nnpm error Run \"npm help ci\" for more info\nnpm error A complete log of this run can be found in: /www-data-home/.npm/_logs/2025-01-10T08_00_45_205Z-debug-0.log. For more details see the logs at https://console.cloud.google.com/cloud-build/builds;region=us-central1/e2ae067e-7d4f-4dee-adf9-3641dd958d71?project=550495057678."}}
[debug] [2025-01-10T08:01:20.275Z] Got source token undefined for region us-central1
[error] Build failed with status: FAILURE and message: npm error code EUSAGE
npm error
npm error `npm ci` can only install packages when your package.json and package-lock.json or npm-shrinkwrap.json are in sync. Please update your lock file with `npm install` before continuing.
npm error
npm error Missing: concurrently@9.1.2 from lock file
npm error Missing: firebase@11.1.0 from lock file
npm error Invalid: lock file's firebase-admin@12.7.0 does not satisfy firebase-admin@13.0.2
npm error Missing: multer@1.4.5-lts.1 from lock file
npm error Missing: rxjs@7.8.1 from lock file
npm error Missing: shell-quote@1.8.2 from lock file
npm error Missing: supports-color@8.1.1 from lock file
npm error Missing: tree-kill@1.2.2 from lock file
npm error Missing: @firebase/analytics@0.10.10 from lock file
npm error Missing: @firebase/app@0.10.17 from lock file
npm error Missing: @firebase/analytics-compat@0.2.16 from lock file
npm error Missing: @firebase/app-compat@0.2.47 from lock file
npm error Missing: @firebase/app-check@0.8.10 from lock file
npm error Missing: @firebase/app-check-compat@0.3.17 from lock file
npm error Invalid: lock file's @firebase/app-types@0.9.2 does not satisfy @firebase/app-types@0.9.3
npm error Missing: @firebase/auth@1.8.1 from lock file
npm error Missing: @firebase/auth-compat@0.5.16 from lock file
npm error Missing: @firebase/data-connect@0.1.3 from lock file
npm error Invalid: lock file's @firebase/database@1.0.8 does not satisfy @firebase/database@1.0.10
npm error Invalid: lock file's @firebase/database-compat@1.0.8 does not satisfy @firebase/database-compat@2.0.1
npm error Missing: @firebase/firestore@4.7.5 from lock file
npm error Missing: @firebase/firestore-compat@0.3.40 from lock file
npm error Missing: @firebase/functions@0.12.0 from lock file
npm error Missing: @firebase/functions-compat@0.3.17 from lock file
npm error Missing: @firebase/installations@0.6.11 from lock file
npm error Missing: @firebase/installations-compat@0.2.11 from lock file
npm error Missing: @firebase/messaging@0.12.15 from lock file
npm error Missing: @firebase/messaging-compat@0.2.15 from lock file
npm error Missing: @firebase/performance@0.6.11 from lock file
npm error Missing: @firebase/performance-compat@0.2.11 from lock file
npm error Missing: @firebase/remote-config@0.4.11 from lock file
npm error Missing: @firebase/remote-config-compat@0.2.11 from lock file
npm error Missing: @firebase/storage@0.13.4 from lock file
npm error Missing: @firebase/storage-compat@0.3.14 from lock file
npm error Invalid: lock file's @firebase/util@1.10.0 does not satisfy @firebase/util@1.10.2
npm error Missing: @firebase/vertexai@1.0.2 from lock file
npm error Invalid: lock file's @firebase/component@0.6.9 does not satisfy @firebase/component@0.6.11
npm error Invalid: lock file's @firebase/logger@0.4.2 does not satisfy @firebase/logger@0.4.4
npm error Missing: @firebase/analytics-types@0.8.3 from lock file
npm error Missing: idb@7.1.1 from lock file
npm error Missing: @firebase/app-check-types@0.5.3 from lock file
npm error Missing: @firebase/auth-types@0.12.3 from lock file
npm error Invalid: lock file's @firebase/auth-interop-types@0.2.3 does not satisfy @firebase/auth-interop-types@0.2.4
npm error Invalid: lock file's @firebase/app-check-interop-types@0.3.2 does not satisfy @firebase/app-check-interop-types@0.3.3
npm error Invalid: lock file's @firebase/database-types@1.0.5 does not satisfy @firebase/database-types@1.0.7
npm error Missing: @firebase/webchannel-wrapper@1.0.3 from lock file
npm error Missing: @grpc/grpc-js@1.9.15 from lock file
npm error Missing: @firebase/firestore-types@3.0.3 from lock file
npm error Missing: @firebase/messaging-interop-types@0.2.3 from lock file
npm error Missing: @firebase/functions-types@0.6.3 from lock file
npm error Missing: @firebase/installations-types@0.5.3 from lock file
npm error Missing: @firebase/performance-types@0.2.3 from lock file
npm error Missing: @firebase/remote-config-types@0.3.3 from lock file
npm error Missing: @firebase/storage-types@0.8.3 from lock file
npm error Invalid: lock file's uuid@10.0.0 does not satisfy uuid@11.0.5
npm error Missing: append-field@1.0.0 from lock file
npm error Missing: busboy@1.6.0 from lock file
npm error Missing: concat-stream@1.6.2 from lock file
npm error Missing: mkdirp@0.5.6 from lock file
npm error Missing: xtend@4.0.2 from lock file
npm error Missing: streamsearch@1.1.0 from lock file
npm error Missing: readable-stream@2.3.8 from lock file
npm error Missing: typedarray@0.0.6 from lock file
npm error Missing: minimist@1.2.8 from lock file
npm error Missing: core-util-is@1.0.3 from lock file
npm error Missing: isarray@1.0.0 from lock file
npm error Missing: process-nextick-args@2.0.1 from lock file
npm error Missing: safe-buffer@5.1.2 from lock file
npm error Missing: string_decoder@1.1.1 from lock file
npm error
npm error Clean install a project
npm error
npm error Usage:
npm error npm ci
npm error
npm error Options:
npm error [--install-strategy <hoisted|nested|shallow|linked>] [--legacy-bundling]
npm error [--global-style] [--omit <dev|optional|peer> [--omit <dev|optional|peer> ...]]
npm error [--include <prod|dev|optional|peer> [--include <prod|dev|optional|peer> ...]]
npm error [--strict-peer-deps] [--foreground-scripts] [--ignore-scripts] [--no-audit]
npm error [--no-bin-links] [--no-fund] [--dry-run]
npm error [-w|--workspace <workspace-name> [-w|--workspace <workspace-name> ...]]
npm error [-ws|--workspaces] [--include-workspace-root] [--install-links]
npm error
npm error aliases: clean-install, ic, install-clean, isntall-clean
npm error
npm error Run "npm help ci" for more info
npm error A complete log of this run can be found in: /www-data-home/.npm/_logs/2025-01-10T08_00_45_205Z-debug-0.log. For more details see the logs at https://console.cloud.google.com/cloud-build/builds;region=us-central1/e2ae067e-7d4f-4dee-adf9-3641dd958d71?project=550495057678.
[debug] [2025-01-10T08:01:20.344Z] Total Function Deployment time: 58683
[debug] [2025-01-10T08:01:20.345Z] 1 Functions Deployed
[debug] [2025-01-10T08:01:20.345Z] 1 Functions Errored
[debug] [2025-01-10T08:01:20.346Z] 0 Function Deployments Aborted
[debug] [2025-01-10T08:01:20.346Z] Average Function Deployment time: 58677
[info] 
[info] Functions deploy had errors with the following functions:
	api(us-central1)
[debug] [2025-01-10T08:01:20.457Z] Not printing URL for HTTPS function. Typically this means it didn't match a filter or we failed deployment
[info] i  functions: cleaning up build files... 
[debug] [2025-01-10T08:01:20.461Z] Checked if tokens are valid: true, expires at: 1736498877020
[debug] [2025-01-10T08:01:20.462Z] Checked if tokens are valid: true, expires at: 1736498877020
[debug] [2025-01-10T08:01:20.465Z] Checked if tokens are valid: true, expires at: 1736498877020
[debug] [2025-01-10T08:01:20.466Z] Checked if tokens are valid: true, expires at: 1736498877020
[debug] [2025-01-10T08:01:20.467Z] >>> [apiv2][query] DELETE https://artifactregistry.googleapis.com/v1beta2/projects/neonrun-d9e96/locations/us-central1/repositories/gcf-artifacts/packages/api [none]
[debug] [2025-01-10T08:01:20.472Z] >>> [apiv2][query] GET https://us.gcr.io/v2/neonrun-d9e96/gcf/us-central1/tags/list [none]
[debug] [2025-01-10T08:01:20.887Z] <<< [apiv2][status] GET https://us.gcr.io/v2/neonrun-d9e96/gcf/us-central1/tags/list 404
[debug] [2025-01-10T08:01:20.887Z] <<< [apiv2][body] GET https://us.gcr.io/v2/neonrun-d9e96/gcf/us-central1/tags/list {"errors":[{"code":"NAME_UNKNOWN","message":"Repository \"us.gcr.io\" not found"}]}
[debug] [2025-01-10T08:01:20.888Z] Failed docker command with error  Request to https://us.gcr.io/v2/neonrun-d9e96/gcf/us-central1/tags/list had HTTP Error: 404, Not Found {"name":"FirebaseError","children":[],"context":{"body":{"errors":[{"code":"NAME_UNKNOWN","message":"Repository \"us.gcr.io\" not found"}],"error":{"message":"Not Found"}},"response":{"statusCode":404}},"exit":1,"message":"Request to https://us.gcr.io/v2/neonrun-d9e96/gcf/us-central1/tags/list had HTTP Error: 404, Not Found","status":404}
[debug] [2025-01-10T08:01:20.900Z] Checked if tokens are valid: true, expires at: 1736498877020
[debug] [2025-01-10T08:01:20.900Z] Checked if tokens are valid: true, expires at: 1736498877020
[debug] [2025-01-10T08:01:20.900Z] >>> [apiv2][query] GET https://us.gcr.io/v2/neonrun-d9e96/gcf/us-central1/tags/list [none]
[debug] [2025-01-10T08:01:21.191Z] <<< [apiv2][status] GET https://us.gcr.io/v2/neonrun-d9e96/gcf/us-central1/tags/list 404
[debug] [2025-01-10T08:01:21.191Z] <<< [apiv2][body] GET https://us.gcr.io/v2/neonrun-d9e96/gcf/us-central1/tags/list {"errors":[{"code":"NAME_UNKNOWN","message":"Repository \"us.gcr.io\" not found"}]}
[debug] [2025-01-10T08:01:21.192Z] Failed docker command with error  Request to https://us.gcr.io/v2/neonrun-d9e96/gcf/us-central1/tags/list had HTTP Error: 404, Not Found {"name":"FirebaseError","children":[],"context":{"body":{"errors":[{"code":"NAME_UNKNOWN","message":"Repository \"us.gcr.io\" not found"}],"error":{"message":"Not Found"}},"response":{"statusCode":404}},"exit":1,"message":"Request to https://us.gcr.io/v2/neonrun-d9e96/gcf/us-central1/tags/list had HTTP Error: 404, Not Found","status":404}
[debug] [2025-01-10T08:01:21.302Z] Checked if tokens are valid: true, expires at: 1736498877020
[debug] [2025-01-10T08:01:21.303Z] Checked if tokens are valid: true, expires at: 1736498877020
[debug] [2025-01-10T08:01:21.303Z] >>> [apiv2][query] GET https://us.gcr.io/v2/neonrun-d9e96/gcf/us-central1/tags/list [none]
[debug] [2025-01-10T08:01:21.627Z] <<< [apiv2][status] GET https://us.gcr.io/v2/neonrun-d9e96/gcf/us-central1/tags/list 404
[debug] [2025-01-10T08:01:21.627Z] <<< [apiv2][body] GET https://us.gcr.io/v2/neonrun-d9e96/gcf/us-central1/tags/list {"errors":[{"code":"NAME_UNKNOWN","message":"Repository \"us.gcr.io\" not found"}]}
[debug] [2025-01-10T08:01:21.628Z] Failed docker command with error  Request to https://us.gcr.io/v2/neonrun-d9e96/gcf/us-central1/tags/list had HTTP Error: 404, Not Found {"name":"FirebaseError","children":[],"context":{"body":{"errors":[{"code":"NAME_UNKNOWN","message":"Repository \"us.gcr.io\" not found"}],"error":{"message":"Not Found"}},"response":{"statusCode":404}},"exit":1,"message":"Request to https://us.gcr.io/v2/neonrun-d9e96/gcf/us-central1/tags/list had HTTP Error: 404, Not Found","status":404}
[debug] [2025-01-10T08:01:21.860Z] <<< [apiv2][status] DELETE https://artifactregistry.googleapis.com/v1beta2/projects/neonrun-d9e96/locations/us-central1/repositories/gcf-artifacts/packages/api 404
[debug] [2025-01-10T08:01:21.861Z] <<< [apiv2][body] DELETE https://artifactregistry.googleapis.com/v1beta2/projects/neonrun-d9e96/locations/us-central1/repositories/gcf-artifacts/packages/api {"error":{"code":404,"message":"Package \"projects/neonrun-d9e96/locations/us-central1/repositories/gcf-artifacts/packages/api\" was not found.","status":"NOT_FOUND"}}
[warn] !  functions: Unhandled error cleaning up build images. This could result in a small monthly bill if not corrected. You can attempt to delete these images by redeploying or you can delete them manually at https://console.cloud.google.com/gcr/images/neonrun-d9e96/us/gcf 
[debug] [2025-01-10T08:01:21.864Z] Functions deploy failed.
[debug] [2025-01-10T08:01:21.865Z] {
  "endpoint": {
    "id": "api",
    "project": "neonrun-d9e96",
    "region": "us-central1",
    "entryPoint": "api",
    "platform": "gcfv2",
    "runtime": "nodejs22",
    "httpsTrigger": {},
    "labels": {
      "deployment-tool": "cli-firebase"
    },
    "ingressSettings": null,
    "availableMemoryMb": null,
    "serviceAccount": null,
    "timeoutSeconds": null,
    "maxInstances": null,
    "minInstances": null,
    "concurrency": 80,
    "vpc": null,
    "environmentVariables": {
      "FIREBASE_CONFIG": "{\"projectId\":\"neonrun-d9e96\",\"databaseURL\":\"https://neonrun-d9e96-default-rtdb.asia-southeast1.firebasedatabase.app\",\"storageBucket\":\"neonrun-d9e96.firebasestorage.app\"}",
      "GCLOUD_PROJECT": "neonrun-d9e96",
      "EVENTARC_CLOUD_EVENT_SOURCE": "projects/neonrun-d9e96/locations/us-central1/services/api",
      "FUNCTION_TARGET": "api",
      "LOG_EXECUTION_ID": "true"
    },
    "codebase": "default",
    "runServiceId": "api",
    "cpu": 1,
    "securityLevel": "SECURE_ALWAYS",
    "targetedByOnly": false,
    "hash": "d49bf6f3a296c0fcd67fdf325c1dd46c1e2121c8"
  },
  "op": "update",
  "original": {
    "name": "FirebaseError",
    "children": [],
    "exit": 1,
    "message": "Build failed with status: FAILURE and message: npm error code EUSAGE\nnpm error\nnpm error `npm ci` can only install packages when your package.json and package-lock.json or npm-shrinkwrap.json are in sync. Please update your lock file with `npm install` before continuing.\nnpm error\nnpm error Missing: concurrently@9.1.2 from lock file\nnpm error Missing: firebase@11.1.0 from lock file\nnpm error Invalid: lock file's firebase-admin@12.7.0 does not satisfy firebase-admin@13.0.2\nnpm error Missing: multer@1.4.5-lts.1 from lock file\nnpm error Missing: rxjs@7.8.1 from lock file\nnpm error Missing: shell-quote@1.8.2 from lock file\nnpm error Missing: supports-color@8.1.1 from lock file\nnpm error Missing: tree-kill@1.2.2 from lock file\nnpm error Missing: @firebase/analytics@0.10.10 from lock file\nnpm error Missing: @firebase/app@0.10.17 from lock file\nnpm error Missing: @firebase/analytics-compat@0.2.16 from lock file\nnpm error Missing: @firebase/app-compat@0.2.47 from lock file\nnpm error Missing: @firebase/app-check@0.8.10 from lock file\nnpm error Missing: @firebase/app-check-compat@0.3.17 from lock file\nnpm error Invalid: lock file's @firebase/app-types@0.9.2 does not satisfy @firebase/app-types@0.9.3\nnpm error Missing: @firebase/auth@1.8.1 from lock file\nnpm error Missing: @firebase/auth-compat@0.5.16 from lock file\nnpm error Missing: @firebase/data-connect@0.1.3 from lock file\nnpm error Invalid: lock file's @firebase/database@1.0.8 does not satisfy @firebase/database@1.0.10\nnpm error Invalid: lock file's @firebase/database-compat@1.0.8 does not satisfy @firebase/database-compat@2.0.1\nnpm error Missing: @firebase/firestore@4.7.5 from lock file\nnpm error Missing: @firebase/firestore-compat@0.3.40 from lock file\nnpm error Missing: @firebase/functions@0.12.0 from lock file\nnpm error Missing: @firebase/functions-compat@0.3.17 from lock file\nnpm error Missing: @firebase/installations@0.6.11 from lock file\nnpm error Missing: @firebase/installations-compat@0.2.11 from lock file\nnpm error Missing: @firebase/messaging@0.12.15 from lock file\nnpm error Missing: @firebase/messaging-compat@0.2.15 from lock file\nnpm error Missing: @firebase/performance@0.6.11 from lock file\nnpm error Missing: @firebase/performance-compat@0.2.11 from lock file\nnpm error Missing: @firebase/remote-config@0.4.11 from lock file\nnpm error Missing: @firebase/remote-config-compat@0.2.11 from lock file\nnpm error Missing: @firebase/storage@0.13.4 from lock file\nnpm error Missing: @firebase/storage-compat@0.3.14 from lock file\nnpm error Invalid: lock file's @firebase/util@1.10.0 does not satisfy @firebase/util@1.10.2\nnpm error Missing: @firebase/vertexai@1.0.2 from lock file\nnpm error Invalid: lock file's @firebase/component@0.6.9 does not satisfy @firebase/component@0.6.11\nnpm error Invalid: lock file's @firebase/logger@0.4.2 does not satisfy @firebase/logger@0.4.4\nnpm error Missing: @firebase/analytics-types@0.8.3 from lock file\nnpm error Missing: idb@7.1.1 from lock file\nnpm error Missing: @firebase/app-check-types@0.5.3 from lock file\nnpm error Missing: @firebase/auth-types@0.12.3 from lock file\nnpm error Invalid: lock file's @firebase/auth-interop-types@0.2.3 does not satisfy @firebase/auth-interop-types@0.2.4\nnpm error Invalid: lock file's @firebase/app-check-interop-types@0.3.2 does not satisfy @firebase/app-check-interop-types@0.3.3\nnpm error Invalid: lock file's @firebase/database-types@1.0.5 does not satisfy @firebase/database-types@1.0.7\nnpm error Missing: @firebase/webchannel-wrapper@1.0.3 from lock file\nnpm error Missing: @grpc/grpc-js@1.9.15 from lock file\nnpm error Missing: @firebase/firestore-types@3.0.3 from lock file\nnpm error Missing: @firebase/messaging-interop-types@0.2.3 from lock file\nnpm error Missing: @firebase/functions-types@0.6.3 from lock file\nnpm error Missing: @firebase/installations-types@0.5.3 from lock file\nnpm error Missing: @firebase/performance-types@0.2.3 from lock file\nnpm error Missing: @firebase/remote-config-types@0.3.3 from lock file\nnpm error Missing: @firebase/storage-types@0.8.3 from lock file\nnpm error Invalid: lock file's uuid@10.0.0 does not satisfy uuid@11.0.5\nnpm error Missing: append-field@1.0.0 from lock file\nnpm error Missing: busboy@1.6.0 from lock file\nnpm error Missing: concat-stream@1.6.2 from lock file\nnpm error Missing: mkdirp@0.5.6 from lock file\nnpm error Missing: xtend@4.0.2 from lock file\nnpm error Missing: streamsearch@1.1.0 from lock file\nnpm error Missing: readable-stream@2.3.8 from lock file\nnpm error Missing: typedarray@0.0.6 from lock file\nnpm error Missing: minimist@1.2.8 from lock file\nnpm error Missing: core-util-is@1.0.3 from lock file\nnpm error Missing: isarray@1.0.0 from lock file\nnpm error Missing: process-nextick-args@2.0.1 from lock file\nnpm error Missing: safe-buffer@5.1.2 from lock file\nnpm error Missing: string_decoder@1.1.1 from lock file\nnpm error\nnpm error Clean install a project\nnpm error\nnpm error Usage:\nnpm error npm ci\nnpm error\nnpm error Options:\nnpm error [--install-strategy <hoisted|nested|shallow|linked>] [--legacy-bundling]\nnpm error [--global-style] [--omit <dev|optional|peer> [--omit <dev|optional|peer> ...]]\nnpm error [--include <prod|dev|optional|peer> [--include <prod|dev|optional|peer> ...]]\nnpm error [--strict-peer-deps] [--foreground-scripts] [--ignore-scripts] [--no-audit]\nnpm error [--no-bin-links] [--no-fund] [--dry-run]\nnpm error [-w|--workspace <workspace-name> [-w|--workspace <workspace-name> ...]]\nnpm error [-ws|--workspaces] [--include-workspace-root] [--install-links]\nnpm error\nnpm error aliases: clean-install, ic, install-clean, isntall-clean\nnpm error\nnpm error Run \"npm help ci\" for more info\nnpm error A complete log of this run can be found in: /www-data-home/.npm/_logs/2025-01-10T08_00_45_205Z-debug-0.log. For more details see the logs at https://console.cloud.google.com/cloud-build/builds;region=us-central1/e2ae067e-7d4f-4dee-adf9-3641dd958d71?project=550495057678.",
    "original": {
      "code": 3,
      "message": "Build failed with status: FAILURE and message: npm error code EUSAGE\nnpm error\nnpm error `npm ci` can only install packages when your package.json and package-lock.json or npm-shrinkwrap.json are in sync. Please update your lock file with `npm install` before continuing.\nnpm error\nnpm error Missing: concurrently@9.1.2 from lock file\nnpm error Missing: firebase@11.1.0 from lock file\nnpm error Invalid: lock file's firebase-admin@12.7.0 does not satisfy firebase-admin@13.0.2\nnpm error Missing: multer@1.4.5-lts.1 from lock file\nnpm error Missing: rxjs@7.8.1 from lock file\nnpm error Missing: shell-quote@1.8.2 from lock file\nnpm error Missing: supports-color@8.1.1 from lock file\nnpm error Missing: tree-kill@1.2.2 from lock file\nnpm error Missing: @firebase/analytics@0.10.10 from lock file\nnpm error Missing: @firebase/app@0.10.17 from lock file\nnpm error Missing: @firebase/analytics-compat@0.2.16 from lock file\nnpm error Missing: @firebase/app-compat@0.2.47 from lock file\nnpm error Missing: @firebase/app-check@0.8.10 from lock file\nnpm error Missing: @firebase/app-check-compat@0.3.17 from lock file\nnpm error Invalid: lock file's @firebase/app-types@0.9.2 does not satisfy @firebase/app-types@0.9.3\nnpm error Missing: @firebase/auth@1.8.1 from lock file\nnpm error Missing: @firebase/auth-compat@0.5.16 from lock file\nnpm error Missing: @firebase/data-connect@0.1.3 from lock file\nnpm error Invalid: lock file's @firebase/database@1.0.8 does not satisfy @firebase/database@1.0.10\nnpm error Invalid: lock file's @firebase/database-compat@1.0.8 does not satisfy @firebase/database-compat@2.0.1\nnpm error Missing: @firebase/firestore@4.7.5 from lock file\nnpm error Missing: @firebase/firestore-compat@0.3.40 from lock file\nnpm error Missing: @firebase/functions@0.12.0 from lock file\nnpm error Missing: @firebase/functions-compat@0.3.17 from lock file\nnpm error Missing: @firebase/installations@0.6.11 from lock file\nnpm error Missing: @firebase/installations-compat@0.2.11 from lock file\nnpm error Missing: @firebase/messaging@0.12.15 from lock file\nnpm error Missing: @firebase/messaging-compat@0.2.15 from lock file\nnpm error Missing: @firebase/performance@0.6.11 from lock file\nnpm error Missing: @firebase/performance-compat@0.2.11 from lock file\nnpm error Missing: @firebase/remote-config@0.4.11 from lock file\nnpm error Missing: @firebase/remote-config-compat@0.2.11 from lock file\nnpm error Missing: @firebase/storage@0.13.4 from lock file\nnpm error Missing: @firebase/storage-compat@0.3.14 from lock file\nnpm error Invalid: lock file's @firebase/util@1.10.0 does not satisfy @firebase/util@1.10.2\nnpm error Missing: @firebase/vertexai@1.0.2 from lock file\nnpm error Invalid: lock file's @firebase/component@0.6.9 does not satisfy @firebase/component@0.6.11\nnpm error Invalid: lock file's @firebase/logger@0.4.2 does not satisfy @firebase/logger@0.4.4\nnpm error Missing: @firebase/analytics-types@0.8.3 from lock file\nnpm error Missing: idb@7.1.1 from lock file\nnpm error Missing: @firebase/app-check-types@0.5.3 from lock file\nnpm error Missing: @firebase/auth-types@0.12.3 from lock file\nnpm error Invalid: lock file's @firebase/auth-interop-types@0.2.3 does not satisfy @firebase/auth-interop-types@0.2.4\nnpm error Invalid: lock file's @firebase/app-check-interop-types@0.3.2 does not satisfy @firebase/app-check-interop-types@0.3.3\nnpm error Invalid: lock file's @firebase/database-types@1.0.5 does not satisfy @firebase/database-types@1.0.7\nnpm error Missing: @firebase/webchannel-wrapper@1.0.3 from lock file\nnpm error Missing: @grpc/grpc-js@1.9.15 from lock file\nnpm error Missing: @firebase/firestore-types@3.0.3 from lock file\nnpm error Missing: @firebase/messaging-interop-types@0.2.3 from lock file\nnpm error Missing: @firebase/functions-types@0.6.3 from lock file\nnpm error Missing: @firebase/installations-types@0.5.3 from lock file\nnpm error Missing: @firebase/performance-types@0.2.3 from lock file\nnpm error Missing: @firebase/remote-config-types@0.3.3 from lock file\nnpm error Missing: @firebase/storage-types@0.8.3 from lock file\nnpm error Invalid: lock file's uuid@10.0.0 does not satisfy uuid@11.0.5\nnpm error Missing: append-field@1.0.0 from lock file\nnpm error Missing: busboy@1.6.0 from lock file\nnpm error Missing: concat-stream@1.6.2 from lock file\nnpm error Missing: mkdirp@0.5.6 from lock file\nnpm error Missing: xtend@4.0.2 from lock file\nnpm error Missing: streamsearch@1.1.0 from lock file\nnpm error Missing: readable-stream@2.3.8 from lock file\nnpm error Missing: typedarray@0.0.6 from lock file\nnpm error Missing: minimist@1.2.8 from lock file\nnpm error Missing: core-util-is@1.0.3 from lock file\nnpm error Missing: isarray@1.0.0 from lock file\nnpm error Missing: process-nextick-args@2.0.1 from lock file\nnpm error Missing: safe-buffer@5.1.2 from lock file\nnpm error Missing: string_decoder@1.1.1 from lock file\nnpm error\nnpm error Clean install a project\nnpm error\nnpm error Usage:\nnpm error npm ci\nnpm error\nnpm error Options:\nnpm error [--install-strategy <hoisted|nested|shallow|linked>] [--legacy-bundling]\nnpm error [--global-style] [--omit <dev|optional|peer> [--omit <dev|optional|peer> ...]]\nnpm error [--include <prod|dev|optional|peer> [--include <prod|dev|optional|peer> ...]]\nnpm error [--strict-peer-deps] [--foreground-scripts] [--ignore-scripts] [--no-audit]\nnpm error [--no-bin-links] [--no-fund] [--dry-run]\nnpm error [-w|--workspace <workspace-name> [-w|--workspace <workspace-name> ...]]\nnpm error [-ws|--workspaces] [--include-workspace-root] [--install-links]\nnpm error\nnpm error aliases: clean-install, ic, install-clean, isntall-clean\nnpm error\nnpm error Run \"npm help ci\" for more info\nnpm error A complete log of this run can be found in: /www-data-home/.npm/_logs/2025-01-10T08_00_45_205Z-debug-0.log. For more details see the logs at https://console.cloud.google.com/cloud-build/builds;region=us-central1/e2ae067e-7d4f-4dee-adf9-3641dd958d71?project=550495057678."
    },
    "status": 3,
    "code": 3
  }
}
[debug] [2025-01-10T08:01:21.899Z] Error: Failed to update function api in region us-central1
    at C:\Users\USER\AppData\Roaming\npm\node_modules\firebase-tools\lib\deploy\functions\release\fabricator.js:399:19
    at process.processTicksAndRejections (node:internal/process/task_queues:95:5)
    at async Fabricator.updateV2Function (C:\Users\USER\AppData\Roaming\npm\node_modules\firebase-tools\lib\deploy\functions\release\fabricator.js:388:32)
    at async Fabricator.updateEndpoint (C:\Users\USER\AppData\Roaming\npm\node_modules\firebase-tools\lib\deploy\functions\release\fabricator.js:155:13)
    at async handle (C:\Users\USER\AppData\Roaming\npm\node_modules\firebase-tools\lib\deploy\functions\release\fabricator.js:89:17)
[error] 
[error] Error: There was an error deploying functions
